/home/li-ming-fan/anaconda3/lib/python3.6/site-packages/h5py/__init__.py:36: FutureWarning: Conversion of the second argument of issubdtype from `float` to `np.floating` is deprecated. In future, it will be treated as `np.float64 == np.dtype(float).type`.
  from ._conv import register_converters as _register_converters
num lines: 17
num tokens after loading: 17

model_tag: transformer
is_train: True
gpu_available: 0
gpu_batch_split: [16, 20]
gpu_mem_growth: True
log_device: False
soft_placement: True
num_epochs: 100
batch_size: 36
batch_size_eval: 6
reg_lambda: 0.0
reg_exclusions: ['embedding', 'bias', 'layer_norm', 'LayerNorm']
grad_clip: 0.0
keep_prob: 0.9
optimizer_type: adam
momentum: 0.9
learning_rate_base: 0.0001
learning_rate_minimum: 1e-06
ratio_decay: 0.99
patience_decay: 3000
warmup_steps: 1000
warmup_delta: 0.0001
check_period_batch: 200
valid_period_batch: 200
base_dir: task_copy_result
model_dir: task_copy_result/model_transformer
model_name: model_transformer
pb_file: task_copy_result/model_transformer_best/model_transformer.pb
log_dir: task_copy_result/log
log_path: task_copy_result/log/model_transformer_2019-04-21-09-19.txt
min_seq_len: 1
max_seq_len: 12
emb_dim: 160
emb_tune: 1
posi_emb_dim: 160
num_layers: 8
num_heads: 8
num_units: 20
dim_all: 160
dim_model: 160
dim_ffm: 320
beam_width: 1
max_len_decoding: 12
start_symbol_id: 2
with_bucket: False
vs_str_multi_gpu: vs_multi_gpu
inputs_predict_name: ['src_seq:0', 'src_seq_mask:0']
outputs_predict_name: ['vs_multi_gpu/logits:0']
pb_outputs_name: ['vs_multi_gpu/logits']
inputs_train_name: ['src_seq:0', 'src_seq_mask:0', 'dcd_seq:0', 'dcd_seq_mask:0', 'labels_seq:0', 'labels_mask:0']
outputs_train_name: ['vs_multi_gpu/logits:0']
use_metric: True
debug_tensors_name: ['vs_multi_gpu/loss/loss:0', 'vs_multi_gpu/logits:0', 'vs_multi_gpu/preds:0']
num_gpu: 1

Tensor("src_seq:0", shape=(?, ?), dtype=int32)
Tensor("vs_multi_gpu/logits:0", shape=(?, ?, 17), dtype=float32)
Tensor("vs_multi_gpu/preds:0", shape=(?, ?), dtype=int64)
Tensor("vs_multi_gpu/loss/loss:0", shape=(), dtype=float32)
Tensor("vs_multi_gpu/metric/metric:0", shape=(), dtype=float32)
2019-04-21 09:20:14.461568: I tensorflow/core/platform/cpu_feature_guard.cc:140] Your CPU supports instructions that this TensorFlow binary was not compiled to use: AVX2 FMA
graph built, there are 342 variables in the model
there are 4135217 parameters in the model

<tf.Variable 'vs_multi_gpu/token_embeddings:0' shape=(17, 160) dtype=float32_ref>
2720
<tf.Variable 'vs_multi_gpu/encoder_decoder/encoder/copy_0/sublayer_0/multi_head/dense_query/kernel:0' shape=(160, 160) dtype=float32_ref>
25600
<tf.Variable 'vs_multi_gpu/encoder_decoder/encoder/copy_0/sublayer_0/multi_head/dense_query/bias:0' shape=(160,) dtype=float32_ref>
160
<tf.Variable 'vs_multi_gpu/encoder_decoder/encoder/copy_0/sublayer_0/multi_head/dense_key/kernel:0' shape=(160, 160) dtype=float32_ref>
25600
<tf.Variable 'vs_multi_gpu/encoder_decoder/encoder/copy_0/sublayer_0/multi_head/dense_key/bias:0' shape=(160,) dtype=float32_ref>
160
<tf.Variable 'vs_multi_gpu/encoder_decoder/encoder/copy_0/sublayer_0/multi_head/dense_value/kernel:0' shape=(160, 160) dtype=float32_ref>
25600
<tf.Variable 'vs_multi_gpu/encoder_decoder/encoder/copy_0/sublayer_0/multi_head/dense_value/bias:0' shape=(160,) dtype=float32_ref>
160
<tf.Variable 'vs_multi_gpu/encoder_decoder/encoder/copy_0/sublayer_0/multi_head/dense_trans/kernel:0' shape=(160, 160) dtype=float32_ref>
25600
<tf.Variable 'vs_multi_gpu/encoder_decoder/encoder/copy_0/sublayer_0/multi_head/dense_trans/bias:0' shape=(160,) dtype=float32_ref>
160
<tf.Variable 'vs_multi_gpu/encoder_decoder/encoder/copy_0/sublayer_0/sublayer_wrapper/layer_norm_beta:0' shape=(160,) dtype=float32_ref>
160
<tf.Variable 'vs_multi_gpu/encoder_decoder/encoder/copy_0/sublayer_0/sublayer_wrapper/layer_norm_gamma:0' shape=(160,) dtype=float32_ref>
160
<tf.Variable 'vs_multi_gpu/encoder_decoder/encoder/copy_0/sublayer_1/pwff/ff_d1/kernel:0' shape=(160, 320) dtype=float32_ref>
51200
<tf.Variable 'vs_multi_gpu/encoder_decoder/encoder/copy_0/sublayer_1/pwff/ff_d1/bias:0' shape=(320,) dtype=float32_ref>
320
<tf.Variable 'vs_multi_gpu/encoder_decoder/encoder/copy_0/sublayer_1/pwff/ff_d2/kernel:0' shape=(320, 160) dtype=float32_ref>
51200
<tf.Variable 'vs_multi_gpu/encoder_decoder/encoder/copy_0/sublayer_1/pwff/ff_d2/bias:0' shape=(160,) dtype=float32_ref>
160
<tf.Variable 'vs_multi_gpu/encoder_decoder/encoder/copy_0/sublayer_1/sublayer_wrapper/layer_norm_beta:0' shape=(160,) dtype=float32_ref>
160
<tf.Variable 'vs_multi_gpu/encoder_decoder/encoder/copy_0/sublayer_1/sublayer_wrapper/layer_norm_gamma:0' shape=(160,) dtype=float32_ref>
160
<tf.Variable 'vs_multi_gpu/encoder_decoder/encoder/copy_1/sublayer_0/multi_head/dense_query/kernel:0' shape=(160, 160) dtype=float32_ref>
25600
<tf.Variable 'vs_multi_gpu/encoder_decoder/encoder/copy_1/sublayer_0/multi_head/dense_query/bias:0' shape=(160,) dtype=float32_ref>
160
<tf.Variable 'vs_multi_gpu/encoder_decoder/encoder/copy_1/sublayer_0/multi_head/dense_key/kernel:0' shape=(160, 160) dtype=float32_ref>
25600
<tf.Variable 'vs_multi_gpu/encoder_decoder/encoder/copy_1/sublayer_0/multi_head/dense_key/bias:0' shape=(160,) dtype=float32_ref>
160
<tf.Variable 'vs_multi_gpu/encoder_decoder/encoder/copy_1/sublayer_0/multi_head/dense_value/kernel:0' shape=(160, 160) dtype=float32_ref>
25600
<tf.Variable 'vs_multi_gpu/encoder_decoder/encoder/copy_1/sublayer_0/multi_head/dense_value/bias:0' shape=(160,) dtype=float32_ref>
160
<tf.Variable 'vs_multi_gpu/encoder_decoder/encoder/copy_1/sublayer_0/multi_head/dense_trans/kernel:0' shape=(160, 160) dtype=float32_ref>
25600
<tf.Variable 'vs_multi_gpu/encoder_decoder/encoder/copy_1/sublayer_0/multi_head/dense_trans/bias:0' shape=(160,) dtype=float32_ref>
160
<tf.Variable 'vs_multi_gpu/encoder_decoder/encoder/copy_1/sublayer_0/sublayer_wrapper/layer_norm_beta:0' shape=(160,) dtype=float32_ref>
160
<tf.Variable 'vs_multi_gpu/encoder_decoder/encoder/copy_1/sublayer_0/sublayer_wrapper/layer_norm_gamma:0' shape=(160,) dtype=float32_ref>
160
<tf.Variable 'vs_multi_gpu/encoder_decoder/encoder/copy_1/sublayer_1/pwff/ff_d1/kernel:0' shape=(160, 320) dtype=float32_ref>
51200
<tf.Variable 'vs_multi_gpu/encoder_decoder/encoder/copy_1/sublayer_1/pwff/ff_d1/bias:0' shape=(320,) dtype=float32_ref>
320
<tf.Variable 'vs_multi_gpu/encoder_decoder/encoder/copy_1/sublayer_1/pwff/ff_d2/kernel:0' shape=(320, 160) dtype=float32_ref>
51200
<tf.Variable 'vs_multi_gpu/encoder_decoder/encoder/copy_1/sublayer_1/pwff/ff_d2/bias:0' shape=(160,) dtype=float32_ref>
160
<tf.Variable 'vs_multi_gpu/encoder_decoder/encoder/copy_1/sublayer_1/sublayer_wrapper/layer_norm_beta:0' shape=(160,) dtype=float32_ref>
160
<tf.Variable 'vs_multi_gpu/encoder_decoder/encoder/copy_1/sublayer_1/sublayer_wrapper/layer_norm_gamma:0' shape=(160,) dtype=float32_ref>
160
<tf.Variable 'vs_multi_gpu/encoder_decoder/encoder/copy_2/sublayer_0/multi_head/dense_query/kernel:0' shape=(160, 160) dtype=float32_ref>
25600
<tf.Variable 'vs_multi_gpu/encoder_decoder/encoder/copy_2/sublayer_0/multi_head/dense_query/bias:0' shape=(160,) dtype=float32_ref>
160
<tf.Variable 'vs_multi_gpu/encoder_decoder/encoder/copy_2/sublayer_0/multi_head/dense_key/kernel:0' shape=(160, 160) dtype=float32_ref>
25600
<tf.Variable 'vs_multi_gpu/encoder_decoder/encoder/copy_2/sublayer_0/multi_head/dense_key/bias:0' shape=(160,) dtype=float32_ref>
160
<tf.Variable 'vs_multi_gpu/encoder_decoder/encoder/copy_2/sublayer_0/multi_head/dense_value/kernel:0' shape=(160, 160) dtype=float32_ref>
25600
<tf.Variable 'vs_multi_gpu/encoder_decoder/encoder/copy_2/sublayer_0/multi_head/dense_value/bias:0' shape=(160,) dtype=float32_ref>
160
<tf.Variable 'vs_multi_gpu/encoder_decoder/encoder/copy_2/sublayer_0/multi_head/dense_trans/kernel:0' shape=(160, 160) dtype=float32_ref>
25600
<tf.Variable 'vs_multi_gpu/encoder_decoder/encoder/copy_2/sublayer_0/multi_head/dense_trans/bias:0' shape=(160,) dtype=float32_ref>
160
<tf.Variable 'vs_multi_gpu/encoder_decoder/encoder/copy_2/sublayer_0/sublayer_wrapper/layer_norm_beta:0' shape=(160,) dtype=float32_ref>
160
<tf.Variable 'vs_multi_gpu/encoder_decoder/encoder/copy_2/sublayer_0/sublayer_wrapper/layer_norm_gamma:0' shape=(160,) dtype=float32_ref>
160
<tf.Variable 'vs_multi_gpu/encoder_decoder/encoder/copy_2/sublayer_1/pwff/ff_d1/kernel:0' shape=(160, 320) dtype=float32_ref>
51200
<tf.Variable 'vs_multi_gpu/encoder_decoder/encoder/copy_2/sublayer_1/pwff/ff_d1/bias:0' shape=(320,) dtype=float32_ref>
320
<tf.Variable 'vs_multi_gpu/encoder_decoder/encoder/copy_2/sublayer_1/pwff/ff_d2/kernel:0' shape=(320, 160) dtype=float32_ref>
51200
<tf.Variable 'vs_multi_gpu/encoder_decoder/encoder/copy_2/sublayer_1/pwff/ff_d2/bias:0' shape=(160,) dtype=float32_ref>
160
<tf.Variable 'vs_multi_gpu/encoder_decoder/encoder/copy_2/sublayer_1/sublayer_wrapper/layer_norm_beta:0' shape=(160,) dtype=float32_ref>
160
<tf.Variable 'vs_multi_gpu/encoder_decoder/encoder/copy_2/sublayer_1/sublayer_wrapper/layer_norm_gamma:0' shape=(160,) dtype=float32_ref>
160
<tf.Variable 'vs_multi_gpu/encoder_decoder/encoder/copy_3/sublayer_0/multi_head/dense_query/kernel:0' shape=(160, 160) dtype=float32_ref>
25600
<tf.Variable 'vs_multi_gpu/encoder_decoder/encoder/copy_3/sublayer_0/multi_head/dense_query/bias:0' shape=(160,) dtype=float32_ref>
160
<tf.Variable 'vs_multi_gpu/encoder_decoder/encoder/copy_3/sublayer_0/multi_head/dense_key/kernel:0' shape=(160, 160) dtype=float32_ref>
25600
<tf.Variable 'vs_multi_gpu/encoder_decoder/encoder/copy_3/sublayer_0/multi_head/dense_key/bias:0' shape=(160,) dtype=float32_ref>
160
<tf.Variable 'vs_multi_gpu/encoder_decoder/encoder/copy_3/sublayer_0/multi_head/dense_value/kernel:0' shape=(160, 160) dtype=float32_ref>
25600
<tf.Variable 'vs_multi_gpu/encoder_decoder/encoder/copy_3/sublayer_0/multi_head/dense_value/bias:0' shape=(160,) dtype=float32_ref>
160
<tf.Variable 'vs_multi_gpu/encoder_decoder/encoder/copy_3/sublayer_0/multi_head/dense_trans/kernel:0' shape=(160, 160) dtype=float32_ref>
25600
<tf.Variable 'vs_multi_gpu/encoder_decoder/encoder/copy_3/sublayer_0/multi_head/dense_trans/bias:0' shape=(160,) dtype=float32_ref>
160
<tf.Variable 'vs_multi_gpu/encoder_decoder/encoder/copy_3/sublayer_0/sublayer_wrapper/layer_norm_beta:0' shape=(160,) dtype=float32_ref>
160
<tf.Variable 'vs_multi_gpu/encoder_decoder/encoder/copy_3/sublayer_0/sublayer_wrapper/layer_norm_gamma:0' shape=(160,) dtype=float32_ref>
160
<tf.Variable 'vs_multi_gpu/encoder_decoder/encoder/copy_3/sublayer_1/pwff/ff_d1/kernel:0' shape=(160, 320) dtype=float32_ref>
51200
<tf.Variable 'vs_multi_gpu/encoder_decoder/encoder/copy_3/sublayer_1/pwff/ff_d1/bias:0' shape=(320,) dtype=float32_ref>
320
<tf.Variable 'vs_multi_gpu/encoder_decoder/encoder/copy_3/sublayer_1/pwff/ff_d2/kernel:0' shape=(320, 160) dtype=float32_ref>
51200
<tf.Variable 'vs_multi_gpu/encoder_decoder/encoder/copy_3/sublayer_1/pwff/ff_d2/bias:0' shape=(160,) dtype=float32_ref>
160
<tf.Variable 'vs_multi_gpu/encoder_decoder/encoder/copy_3/sublayer_1/sublayer_wrapper/layer_norm_beta:0' shape=(160,) dtype=float32_ref>
160
<tf.Variable 'vs_multi_gpu/encoder_decoder/encoder/copy_3/sublayer_1/sublayer_wrapper/layer_norm_gamma:0' shape=(160,) dtype=float32_ref>
160
<tf.Variable 'vs_multi_gpu/encoder_decoder/encoder/copy_4/sublayer_0/multi_head/dense_query/kernel:0' shape=(160, 160) dtype=float32_ref>
25600
<tf.Variable 'vs_multi_gpu/encoder_decoder/encoder/copy_4/sublayer_0/multi_head/dense_query/bias:0' shape=(160,) dtype=float32_ref>
160
<tf.Variable 'vs_multi_gpu/encoder_decoder/encoder/copy_4/sublayer_0/multi_head/dense_key/kernel:0' shape=(160, 160) dtype=float32_ref>
25600
<tf.Variable 'vs_multi_gpu/encoder_decoder/encoder/copy_4/sublayer_0/multi_head/dense_key/bias:0' shape=(160,) dtype=float32_ref>
160
<tf.Variable 'vs_multi_gpu/encoder_decoder/encoder/copy_4/sublayer_0/multi_head/dense_value/kernel:0' shape=(160, 160) dtype=float32_ref>
25600
<tf.Variable 'vs_multi_gpu/encoder_decoder/encoder/copy_4/sublayer_0/multi_head/dense_value/bias:0' shape=(160,) dtype=float32_ref>
160
<tf.Variable 'vs_multi_gpu/encoder_decoder/encoder/copy_4/sublayer_0/multi_head/dense_trans/kernel:0' shape=(160, 160) dtype=float32_ref>
25600
<tf.Variable 'vs_multi_gpu/encoder_decoder/encoder/copy_4/sublayer_0/multi_head/dense_trans/bias:0' shape=(160,) dtype=float32_ref>
160
<tf.Variable 'vs_multi_gpu/encoder_decoder/encoder/copy_4/sublayer_0/sublayer_wrapper/layer_norm_beta:0' shape=(160,) dtype=float32_ref>
160
<tf.Variable 'vs_multi_gpu/encoder_decoder/encoder/copy_4/sublayer_0/sublayer_wrapper/layer_norm_gamma:0' shape=(160,) dtype=float32_ref>
160
<tf.Variable 'vs_multi_gpu/encoder_decoder/encoder/copy_4/sublayer_1/pwff/ff_d1/kernel:0' shape=(160, 320) dtype=float32_ref>
51200
<tf.Variable 'vs_multi_gpu/encoder_decoder/encoder/copy_4/sublayer_1/pwff/ff_d1/bias:0' shape=(320,) dtype=float32_ref>
320
<tf.Variable 'vs_multi_gpu/encoder_decoder/encoder/copy_4/sublayer_1/pwff/ff_d2/kernel:0' shape=(320, 160) dtype=float32_ref>
51200
<tf.Variable 'vs_multi_gpu/encoder_decoder/encoder/copy_4/sublayer_1/pwff/ff_d2/bias:0' shape=(160,) dtype=float32_ref>
160
<tf.Variable 'vs_multi_gpu/encoder_decoder/encoder/copy_4/sublayer_1/sublayer_wrapper/layer_norm_beta:0' shape=(160,) dtype=float32_ref>
160
<tf.Variable 'vs_multi_gpu/encoder_decoder/encoder/copy_4/sublayer_1/sublayer_wrapper/layer_norm_gamma:0' shape=(160,) dtype=float32_ref>
160
<tf.Variable 'vs_multi_gpu/encoder_decoder/encoder/copy_5/sublayer_0/multi_head/dense_query/kernel:0' shape=(160, 160) dtype=float32_ref>
25600
<tf.Variable 'vs_multi_gpu/encoder_decoder/encoder/copy_5/sublayer_0/multi_head/dense_query/bias:0' shape=(160,) dtype=float32_ref>
160
<tf.Variable 'vs_multi_gpu/encoder_decoder/encoder/copy_5/sublayer_0/multi_head/dense_key/kernel:0' shape=(160, 160) dtype=float32_ref>
25600
<tf.Variable 'vs_multi_gpu/encoder_decoder/encoder/copy_5/sublayer_0/multi_head/dense_key/bias:0' shape=(160,) dtype=float32_ref>
160
<tf.Variable 'vs_multi_gpu/encoder_decoder/encoder/copy_5/sublayer_0/multi_head/dense_value/kernel:0' shape=(160, 160) dtype=float32_ref>
25600
<tf.Variable 'vs_multi_gpu/encoder_decoder/encoder/copy_5/sublayer_0/multi_head/dense_value/bias:0' shape=(160,) dtype=float32_ref>
160
<tf.Variable 'vs_multi_gpu/encoder_decoder/encoder/copy_5/sublayer_0/multi_head/dense_trans/kernel:0' shape=(160, 160) dtype=float32_ref>
25600
<tf.Variable 'vs_multi_gpu/encoder_decoder/encoder/copy_5/sublayer_0/multi_head/dense_trans/bias:0' shape=(160,) dtype=float32_ref>
160
<tf.Variable 'vs_multi_gpu/encoder_decoder/encoder/copy_5/sublayer_0/sublayer_wrapper/layer_norm_beta:0' shape=(160,) dtype=float32_ref>
160
<tf.Variable 'vs_multi_gpu/encoder_decoder/encoder/copy_5/sublayer_0/sublayer_wrapper/layer_norm_gamma:0' shape=(160,) dtype=float32_ref>
160
<tf.Variable 'vs_multi_gpu/encoder_decoder/encoder/copy_5/sublayer_1/pwff/ff_d1/kernel:0' shape=(160, 320) dtype=float32_ref>
51200
<tf.Variable 'vs_multi_gpu/encoder_decoder/encoder/copy_5/sublayer_1/pwff/ff_d1/bias:0' shape=(320,) dtype=float32_ref>
320
<tf.Variable 'vs_multi_gpu/encoder_decoder/encoder/copy_5/sublayer_1/pwff/ff_d2/kernel:0' shape=(320, 160) dtype=float32_ref>
51200
<tf.Variable 'vs_multi_gpu/encoder_decoder/encoder/copy_5/sublayer_1/pwff/ff_d2/bias:0' shape=(160,) dtype=float32_ref>
160
<tf.Variable 'vs_multi_gpu/encoder_decoder/encoder/copy_5/sublayer_1/sublayer_wrapper/layer_norm_beta:0' shape=(160,) dtype=float32_ref>
160
<tf.Variable 'vs_multi_gpu/encoder_decoder/encoder/copy_5/sublayer_1/sublayer_wrapper/layer_norm_gamma:0' shape=(160,) dtype=float32_ref>
160
<tf.Variable 'vs_multi_gpu/encoder_decoder/encoder/copy_6/sublayer_0/multi_head/dense_query/kernel:0' shape=(160, 160) dtype=float32_ref>
25600
<tf.Variable 'vs_multi_gpu/encoder_decoder/encoder/copy_6/sublayer_0/multi_head/dense_query/bias:0' shape=(160,) dtype=float32_ref>
160
<tf.Variable 'vs_multi_gpu/encoder_decoder/encoder/copy_6/sublayer_0/multi_head/dense_key/kernel:0' shape=(160, 160) dtype=float32_ref>
25600
<tf.Variable 'vs_multi_gpu/encoder_decoder/encoder/copy_6/sublayer_0/multi_head/dense_key/bias:0' shape=(160,) dtype=float32_ref>
160
<tf.Variable 'vs_multi_gpu/encoder_decoder/encoder/copy_6/sublayer_0/multi_head/dense_value/kernel:0' shape=(160, 160) dtype=float32_ref>
25600
<tf.Variable 'vs_multi_gpu/encoder_decoder/encoder/copy_6/sublayer_0/multi_head/dense_value/bias:0' shape=(160,) dtype=float32_ref>
160
<tf.Variable 'vs_multi_gpu/encoder_decoder/encoder/copy_6/sublayer_0/multi_head/dense_trans/kernel:0' shape=(160, 160) dtype=float32_ref>
25600
<tf.Variable 'vs_multi_gpu/encoder_decoder/encoder/copy_6/sublayer_0/multi_head/dense_trans/bias:0' shape=(160,) dtype=float32_ref>
160
<tf.Variable 'vs_multi_gpu/encoder_decoder/encoder/copy_6/sublayer_0/sublayer_wrapper/layer_norm_beta:0' shape=(160,) dtype=float32_ref>
160
<tf.Variable 'vs_multi_gpu/encoder_decoder/encoder/copy_6/sublayer_0/sublayer_wrapper/layer_norm_gamma:0' shape=(160,) dtype=float32_ref>
160
<tf.Variable 'vs_multi_gpu/encoder_decoder/encoder/copy_6/sublayer_1/pwff/ff_d1/kernel:0' shape=(160, 320) dtype=float32_ref>
51200
<tf.Variable 'vs_multi_gpu/encoder_decoder/encoder/copy_6/sublayer_1/pwff/ff_d1/bias:0' shape=(320,) dtype=float32_ref>
320
<tf.Variable 'vs_multi_gpu/encoder_decoder/encoder/copy_6/sublayer_1/pwff/ff_d2/kernel:0' shape=(320, 160) dtype=float32_ref>
51200
<tf.Variable 'vs_multi_gpu/encoder_decoder/encoder/copy_6/sublayer_1/pwff/ff_d2/bias:0' shape=(160,) dtype=float32_ref>
160
<tf.Variable 'vs_multi_gpu/encoder_decoder/encoder/copy_6/sublayer_1/sublayer_wrapper/layer_norm_beta:0' shape=(160,) dtype=float32_ref>
160
<tf.Variable 'vs_multi_gpu/encoder_decoder/encoder/copy_6/sublayer_1/sublayer_wrapper/layer_norm_gamma:0' shape=(160,) dtype=float32_ref>
160
<tf.Variable 'vs_multi_gpu/encoder_decoder/encoder/copy_7/sublayer_0/multi_head/dense_query/kernel:0' shape=(160, 160) dtype=float32_ref>
25600
<tf.Variable 'vs_multi_gpu/encoder_decoder/encoder/copy_7/sublayer_0/multi_head/dense_query/bias:0' shape=(160,) dtype=float32_ref>
160
<tf.Variable 'vs_multi_gpu/encoder_decoder/encoder/copy_7/sublayer_0/multi_head/dense_key/kernel:0' shape=(160, 160) dtype=float32_ref>
25600
<tf.Variable 'vs_multi_gpu/encoder_decoder/encoder/copy_7/sublayer_0/multi_head/dense_key/bias:0' shape=(160,) dtype=float32_ref>
160
<tf.Variable 'vs_multi_gpu/encoder_decoder/encoder/copy_7/sublayer_0/multi_head/dense_value/kernel:0' shape=(160, 160) dtype=float32_ref>
25600
<tf.Variable 'vs_multi_gpu/encoder_decoder/encoder/copy_7/sublayer_0/multi_head/dense_value/bias:0' shape=(160,) dtype=float32_ref>
160
<tf.Variable 'vs_multi_gpu/encoder_decoder/encoder/copy_7/sublayer_0/multi_head/dense_trans/kernel:0' shape=(160, 160) dtype=float32_ref>
25600
<tf.Variable 'vs_multi_gpu/encoder_decoder/encoder/copy_7/sublayer_0/multi_head/dense_trans/bias:0' shape=(160,) dtype=float32_ref>
160
<tf.Variable 'vs_multi_gpu/encoder_decoder/encoder/copy_7/sublayer_0/sublayer_wrapper/layer_norm_beta:0' shape=(160,) dtype=float32_ref>
160
<tf.Variable 'vs_multi_gpu/encoder_decoder/encoder/copy_7/sublayer_0/sublayer_wrapper/layer_norm_gamma:0' shape=(160,) dtype=float32_ref>
160
<tf.Variable 'vs_multi_gpu/encoder_decoder/encoder/copy_7/sublayer_1/pwff/ff_d1/kernel:0' shape=(160, 320) dtype=float32_ref>
51200
<tf.Variable 'vs_multi_gpu/encoder_decoder/encoder/copy_7/sublayer_1/pwff/ff_d1/bias:0' shape=(320,) dtype=float32_ref>
320
<tf.Variable 'vs_multi_gpu/encoder_decoder/encoder/copy_7/sublayer_1/pwff/ff_d2/kernel:0' shape=(320, 160) dtype=float32_ref>
51200
<tf.Variable 'vs_multi_gpu/encoder_decoder/encoder/copy_7/sublayer_1/pwff/ff_d2/bias:0' shape=(160,) dtype=float32_ref>
160
<tf.Variable 'vs_multi_gpu/encoder_decoder/encoder/copy_7/sublayer_1/sublayer_wrapper/layer_norm_beta:0' shape=(160,) dtype=float32_ref>
160
<tf.Variable 'vs_multi_gpu/encoder_decoder/encoder/copy_7/sublayer_1/sublayer_wrapper/layer_norm_gamma:0' shape=(160,) dtype=float32_ref>
160
<tf.Variable 'vs_multi_gpu/encoder_decoder/encoder/layer_norm_beta:0' shape=(160,) dtype=float32_ref>
160
<tf.Variable 'vs_multi_gpu/encoder_decoder/encoder/layer_norm_gamma:0' shape=(160,) dtype=float32_ref>
160
<tf.Variable 'vs_multi_gpu/encoder_decoder/decoder/copy_0/sublayer_0/multi_head/dense_query/kernel:0' shape=(160, 160) dtype=float32_ref>
25600
<tf.Variable 'vs_multi_gpu/encoder_decoder/decoder/copy_0/sublayer_0/multi_head/dense_query/bias:0' shape=(160,) dtype=float32_ref>
160
<tf.Variable 'vs_multi_gpu/encoder_decoder/decoder/copy_0/sublayer_0/multi_head/dense_key/kernel:0' shape=(160, 160) dtype=float32_ref>
25600
<tf.Variable 'vs_multi_gpu/encoder_decoder/decoder/copy_0/sublayer_0/multi_head/dense_key/bias:0' shape=(160,) dtype=float32_ref>
160
<tf.Variable 'vs_multi_gpu/encoder_decoder/decoder/copy_0/sublayer_0/multi_head/dense_value/kernel:0' shape=(160, 160) dtype=float32_ref>
25600
<tf.Variable 'vs_multi_gpu/encoder_decoder/decoder/copy_0/sublayer_0/multi_head/dense_value/bias:0' shape=(160,) dtype=float32_ref>
160
<tf.Variable 'vs_multi_gpu/encoder_decoder/decoder/copy_0/sublayer_0/multi_head/dense_trans/kernel:0' shape=(160, 160) dtype=float32_ref>
25600
<tf.Variable 'vs_multi_gpu/encoder_decoder/decoder/copy_0/sublayer_0/multi_head/dense_trans/bias:0' shape=(160,) dtype=float32_ref>
160
<tf.Variable 'vs_multi_gpu/encoder_decoder/decoder/copy_0/sublayer_0/sublayer_wrapper/layer_norm_beta:0' shape=(160,) dtype=float32_ref>
160
<tf.Variable 'vs_multi_gpu/encoder_decoder/decoder/copy_0/sublayer_0/sublayer_wrapper/layer_norm_gamma:0' shape=(160,) dtype=float32_ref>
160
<tf.Variable 'vs_multi_gpu/encoder_decoder/decoder/copy_0/sublayer_1/multi_head/dense_query/kernel:0' shape=(160, 160) dtype=float32_ref>
25600
<tf.Variable 'vs_multi_gpu/encoder_decoder/decoder/copy_0/sublayer_1/multi_head/dense_query/bias:0' shape=(160,) dtype=float32_ref>
160
<tf.Variable 'vs_multi_gpu/encoder_decoder/decoder/copy_0/sublayer_1/multi_head/dense_key/kernel:0' shape=(160, 160) dtype=float32_ref>
25600
<tf.Variable 'vs_multi_gpu/encoder_decoder/decoder/copy_0/sublayer_1/multi_head/dense_key/bias:0' shape=(160,) dtype=float32_ref>
160
<tf.Variable 'vs_multi_gpu/encoder_decoder/decoder/copy_0/sublayer_1/multi_head/dense_value/kernel:0' shape=(160, 160) dtype=float32_ref>
25600
<tf.Variable 'vs_multi_gpu/encoder_decoder/decoder/copy_0/sublayer_1/multi_head/dense_value/bias:0' shape=(160,) dtype=float32_ref>
160
<tf.Variable 'vs_multi_gpu/encoder_decoder/decoder/copy_0/sublayer_1/multi_head/dense_trans/kernel:0' shape=(160, 160) dtype=float32_ref>
25600
<tf.Variable 'vs_multi_gpu/encoder_decoder/decoder/copy_0/sublayer_1/multi_head/dense_trans/bias:0' shape=(160,) dtype=float32_ref>
160
<tf.Variable 'vs_multi_gpu/encoder_decoder/decoder/copy_0/sublayer_1/sublayer_wrapper/layer_norm_beta:0' shape=(160,) dtype=float32_ref>
160
<tf.Variable 'vs_multi_gpu/encoder_decoder/decoder/copy_0/sublayer_1/sublayer_wrapper/layer_norm_gamma:0' shape=(160,) dtype=float32_ref>
160
<tf.Variable 'vs_multi_gpu/encoder_decoder/decoder/copy_0/sublayer_2/pwff/ff_d1/kernel:0' shape=(160, 320) dtype=float32_ref>
51200
<tf.Variable 'vs_multi_gpu/encoder_decoder/decoder/copy_0/sublayer_2/pwff/ff_d1/bias:0' shape=(320,) dtype=float32_ref>
320
<tf.Variable 'vs_multi_gpu/encoder_decoder/decoder/copy_0/sublayer_2/pwff/ff_d2/kernel:0' shape=(320, 160) dtype=float32_ref>
51200
<tf.Variable 'vs_multi_gpu/encoder_decoder/decoder/copy_0/sublayer_2/pwff/ff_d2/bias:0' shape=(160,) dtype=float32_ref>
160
<tf.Variable 'vs_multi_gpu/encoder_decoder/decoder/copy_0/sublayer_2/sublayer_wrapper/layer_norm_beta:0' shape=(160,) dtype=float32_ref>
160
<tf.Variable 'vs_multi_gpu/encoder_decoder/decoder/copy_0/sublayer_2/sublayer_wrapper/layer_norm_gamma:0' shape=(160,) dtype=float32_ref>
160
<tf.Variable 'vs_multi_gpu/encoder_decoder/decoder/copy_1/sublayer_0/multi_head/dense_query/kernel:0' shape=(160, 160) dtype=float32_ref>
25600
<tf.Variable 'vs_multi_gpu/encoder_decoder/decoder/copy_1/sublayer_0/multi_head/dense_query/bias:0' shape=(160,) dtype=float32_ref>
160
<tf.Variable 'vs_multi_gpu/encoder_decoder/decoder/copy_1/sublayer_0/multi_head/dense_key/kernel:0' shape=(160, 160) dtype=float32_ref>
25600
<tf.Variable 'vs_multi_gpu/encoder_decoder/decoder/copy_1/sublayer_0/multi_head/dense_key/bias:0' shape=(160,) dtype=float32_ref>
160
<tf.Variable 'vs_multi_gpu/encoder_decoder/decoder/copy_1/sublayer_0/multi_head/dense_value/kernel:0' shape=(160, 160) dtype=float32_ref>
25600
<tf.Variable 'vs_multi_gpu/encoder_decoder/decoder/copy_1/sublayer_0/multi_head/dense_value/bias:0' shape=(160,) dtype=float32_ref>
160
<tf.Variable 'vs_multi_gpu/encoder_decoder/decoder/copy_1/sublayer_0/multi_head/dense_trans/kernel:0' shape=(160, 160) dtype=float32_ref>
25600
<tf.Variable 'vs_multi_gpu/encoder_decoder/decoder/copy_1/sublayer_0/multi_head/dense_trans/bias:0' shape=(160,) dtype=float32_ref>
160
<tf.Variable 'vs_multi_gpu/encoder_decoder/decoder/copy_1/sublayer_0/sublayer_wrapper/layer_norm_beta:0' shape=(160,) dtype=float32_ref>
160
<tf.Variable 'vs_multi_gpu/encoder_decoder/decoder/copy_1/sublayer_0/sublayer_wrapper/layer_norm_gamma:0' shape=(160,) dtype=float32_ref>
160
<tf.Variable 'vs_multi_gpu/encoder_decoder/decoder/copy_1/sublayer_1/multi_head/dense_query/kernel:0' shape=(160, 160) dtype=float32_ref>
25600
<tf.Variable 'vs_multi_gpu/encoder_decoder/decoder/copy_1/sublayer_1/multi_head/dense_query/bias:0' shape=(160,) dtype=float32_ref>
160
<tf.Variable 'vs_multi_gpu/encoder_decoder/decoder/copy_1/sublayer_1/multi_head/dense_key/kernel:0' shape=(160, 160) dtype=float32_ref>
25600
<tf.Variable 'vs_multi_gpu/encoder_decoder/decoder/copy_1/sublayer_1/multi_head/dense_key/bias:0' shape=(160,) dtype=float32_ref>
160
<tf.Variable 'vs_multi_gpu/encoder_decoder/decoder/copy_1/sublayer_1/multi_head/dense_value/kernel:0' shape=(160, 160) dtype=float32_ref>
25600
<tf.Variable 'vs_multi_gpu/encoder_decoder/decoder/copy_1/sublayer_1/multi_head/dense_value/bias:0' shape=(160,) dtype=float32_ref>
160
<tf.Variable 'vs_multi_gpu/encoder_decoder/decoder/copy_1/sublayer_1/multi_head/dense_trans/kernel:0' shape=(160, 160) dtype=float32_ref>
25600
<tf.Variable 'vs_multi_gpu/encoder_decoder/decoder/copy_1/sublayer_1/multi_head/dense_trans/bias:0' shape=(160,) dtype=float32_ref>
160
<tf.Variable 'vs_multi_gpu/encoder_decoder/decoder/copy_1/sublayer_1/sublayer_wrapper/layer_norm_beta:0' shape=(160,) dtype=float32_ref>
160
<tf.Variable 'vs_multi_gpu/encoder_decoder/decoder/copy_1/sublayer_1/sublayer_wrapper/layer_norm_gamma:0' shape=(160,) dtype=float32_ref>
160
<tf.Variable 'vs_multi_gpu/encoder_decoder/decoder/copy_1/sublayer_2/pwff/ff_d1/kernel:0' shape=(160, 320) dtype=float32_ref>
51200
<tf.Variable 'vs_multi_gpu/encoder_decoder/decoder/copy_1/sublayer_2/pwff/ff_d1/bias:0' shape=(320,) dtype=float32_ref>
320
<tf.Variable 'vs_multi_gpu/encoder_decoder/decoder/copy_1/sublayer_2/pwff/ff_d2/kernel:0' shape=(320, 160) dtype=float32_ref>
51200
<tf.Variable 'vs_multi_gpu/encoder_decoder/decoder/copy_1/sublayer_2/pwff/ff_d2/bias:0' shape=(160,) dtype=float32_ref>
160
<tf.Variable 'vs_multi_gpu/encoder_decoder/decoder/copy_1/sublayer_2/sublayer_wrapper/layer_norm_beta:0' shape=(160,) dtype=float32_ref>
160
<tf.Variable 'vs_multi_gpu/encoder_decoder/decoder/copy_1/sublayer_2/sublayer_wrapper/layer_norm_gamma:0' shape=(160,) dtype=float32_ref>
160
<tf.Variable 'vs_multi_gpu/encoder_decoder/decoder/copy_2/sublayer_0/multi_head/dense_query/kernel:0' shape=(160, 160) dtype=float32_ref>
25600
<tf.Variable 'vs_multi_gpu/encoder_decoder/decoder/copy_2/sublayer_0/multi_head/dense_query/bias:0' shape=(160,) dtype=float32_ref>
160
<tf.Variable 'vs_multi_gpu/encoder_decoder/decoder/copy_2/sublayer_0/multi_head/dense_key/kernel:0' shape=(160, 160) dtype=float32_ref>
25600
<tf.Variable 'vs_multi_gpu/encoder_decoder/decoder/copy_2/sublayer_0/multi_head/dense_key/bias:0' shape=(160,) dtype=float32_ref>
160
<tf.Variable 'vs_multi_gpu/encoder_decoder/decoder/copy_2/sublayer_0/multi_head/dense_value/kernel:0' shape=(160, 160) dtype=float32_ref>
25600
<tf.Variable 'vs_multi_gpu/encoder_decoder/decoder/copy_2/sublayer_0/multi_head/dense_value/bias:0' shape=(160,) dtype=float32_ref>
160
<tf.Variable 'vs_multi_gpu/encoder_decoder/decoder/copy_2/sublayer_0/multi_head/dense_trans/kernel:0' shape=(160, 160) dtype=float32_ref>
25600
<tf.Variable 'vs_multi_gpu/encoder_decoder/decoder/copy_2/sublayer_0/multi_head/dense_trans/bias:0' shape=(160,) dtype=float32_ref>
160
<tf.Variable 'vs_multi_gpu/encoder_decoder/decoder/copy_2/sublayer_0/sublayer_wrapper/layer_norm_beta:0' shape=(160,) dtype=float32_ref>
160
<tf.Variable 'vs_multi_gpu/encoder_decoder/decoder/copy_2/sublayer_0/sublayer_wrapper/layer_norm_gamma:0' shape=(160,) dtype=float32_ref>
160
<tf.Variable 'vs_multi_gpu/encoder_decoder/decoder/copy_2/sublayer_1/multi_head/dense_query/kernel:0' shape=(160, 160) dtype=float32_ref>
25600
<tf.Variable 'vs_multi_gpu/encoder_decoder/decoder/copy_2/sublayer_1/multi_head/dense_query/bias:0' shape=(160,) dtype=float32_ref>
160
<tf.Variable 'vs_multi_gpu/encoder_decoder/decoder/copy_2/sublayer_1/multi_head/dense_key/kernel:0' shape=(160, 160) dtype=float32_ref>
25600
<tf.Variable 'vs_multi_gpu/encoder_decoder/decoder/copy_2/sublayer_1/multi_head/dense_key/bias:0' shape=(160,) dtype=float32_ref>
160
<tf.Variable 'vs_multi_gpu/encoder_decoder/decoder/copy_2/sublayer_1/multi_head/dense_value/kernel:0' shape=(160, 160) dtype=float32_ref>
25600
<tf.Variable 'vs_multi_gpu/encoder_decoder/decoder/copy_2/sublayer_1/multi_head/dense_value/bias:0' shape=(160,) dtype=float32_ref>
160
<tf.Variable 'vs_multi_gpu/encoder_decoder/decoder/copy_2/sublayer_1/multi_head/dense_trans/kernel:0' shape=(160, 160) dtype=float32_ref>
25600
<tf.Variable 'vs_multi_gpu/encoder_decoder/decoder/copy_2/sublayer_1/multi_head/dense_trans/bias:0' shape=(160,) dtype=float32_ref>
160
<tf.Variable 'vs_multi_gpu/encoder_decoder/decoder/copy_2/sublayer_1/sublayer_wrapper/layer_norm_beta:0' shape=(160,) dtype=float32_ref>
160
<tf.Variable 'vs_multi_gpu/encoder_decoder/decoder/copy_2/sublayer_1/sublayer_wrapper/layer_norm_gamma:0' shape=(160,) dtype=float32_ref>
160
<tf.Variable 'vs_multi_gpu/encoder_decoder/decoder/copy_2/sublayer_2/pwff/ff_d1/kernel:0' shape=(160, 320) dtype=float32_ref>
51200
<tf.Variable 'vs_multi_gpu/encoder_decoder/decoder/copy_2/sublayer_2/pwff/ff_d1/bias:0' shape=(320,) dtype=float32_ref>
320
<tf.Variable 'vs_multi_gpu/encoder_decoder/decoder/copy_2/sublayer_2/pwff/ff_d2/kernel:0' shape=(320, 160) dtype=float32_ref>
51200
<tf.Variable 'vs_multi_gpu/encoder_decoder/decoder/copy_2/sublayer_2/pwff/ff_d2/bias:0' shape=(160,) dtype=float32_ref>
160
<tf.Variable 'vs_multi_gpu/encoder_decoder/decoder/copy_2/sublayer_2/sublayer_wrapper/layer_norm_beta:0' shape=(160,) dtype=float32_ref>
160
<tf.Variable 'vs_multi_gpu/encoder_decoder/decoder/copy_2/sublayer_2/sublayer_wrapper/layer_norm_gamma:0' shape=(160,) dtype=float32_ref>
160
<tf.Variable 'vs_multi_gpu/encoder_decoder/decoder/copy_3/sublayer_0/multi_head/dense_query/kernel:0' shape=(160, 160) dtype=float32_ref>
25600
<tf.Variable 'vs_multi_gpu/encoder_decoder/decoder/copy_3/sublayer_0/multi_head/dense_query/bias:0' shape=(160,) dtype=float32_ref>
160
<tf.Variable 'vs_multi_gpu/encoder_decoder/decoder/copy_3/sublayer_0/multi_head/dense_key/kernel:0' shape=(160, 160) dtype=float32_ref>
25600
<tf.Variable 'vs_multi_gpu/encoder_decoder/decoder/copy_3/sublayer_0/multi_head/dense_key/bias:0' shape=(160,) dtype=float32_ref>
160
<tf.Variable 'vs_multi_gpu/encoder_decoder/decoder/copy_3/sublayer_0/multi_head/dense_value/kernel:0' shape=(160, 160) dtype=float32_ref>
25600
<tf.Variable 'vs_multi_gpu/encoder_decoder/decoder/copy_3/sublayer_0/multi_head/dense_value/bias:0' shape=(160,) dtype=float32_ref>
160
<tf.Variable 'vs_multi_gpu/encoder_decoder/decoder/copy_3/sublayer_0/multi_head/dense_trans/kernel:0' shape=(160, 160) dtype=float32_ref>
25600
<tf.Variable 'vs_multi_gpu/encoder_decoder/decoder/copy_3/sublayer_0/multi_head/dense_trans/bias:0' shape=(160,) dtype=float32_ref>
160
<tf.Variable 'vs_multi_gpu/encoder_decoder/decoder/copy_3/sublayer_0/sublayer_wrapper/layer_norm_beta:0' shape=(160,) dtype=float32_ref>
160
<tf.Variable 'vs_multi_gpu/encoder_decoder/decoder/copy_3/sublayer_0/sublayer_wrapper/layer_norm_gamma:0' shape=(160,) dtype=float32_ref>
160
<tf.Variable 'vs_multi_gpu/encoder_decoder/decoder/copy_3/sublayer_1/multi_head/dense_query/kernel:0' shape=(160, 160) dtype=float32_ref>
25600
<tf.Variable 'vs_multi_gpu/encoder_decoder/decoder/copy_3/sublayer_1/multi_head/dense_query/bias:0' shape=(160,) dtype=float32_ref>
160
<tf.Variable 'vs_multi_gpu/encoder_decoder/decoder/copy_3/sublayer_1/multi_head/dense_key/kernel:0' shape=(160, 160) dtype=float32_ref>
25600
<tf.Variable 'vs_multi_gpu/encoder_decoder/decoder/copy_3/sublayer_1/multi_head/dense_key/bias:0' shape=(160,) dtype=float32_ref>
160
<tf.Variable 'vs_multi_gpu/encoder_decoder/decoder/copy_3/sublayer_1/multi_head/dense_value/kernel:0' shape=(160, 160) dtype=float32_ref>
25600
<tf.Variable 'vs_multi_gpu/encoder_decoder/decoder/copy_3/sublayer_1/multi_head/dense_value/bias:0' shape=(160,) dtype=float32_ref>
160
<tf.Variable 'vs_multi_gpu/encoder_decoder/decoder/copy_3/sublayer_1/multi_head/dense_trans/kernel:0' shape=(160, 160) dtype=float32_ref>
25600
<tf.Variable 'vs_multi_gpu/encoder_decoder/decoder/copy_3/sublayer_1/multi_head/dense_trans/bias:0' shape=(160,) dtype=float32_ref>
160
<tf.Variable 'vs_multi_gpu/encoder_decoder/decoder/copy_3/sublayer_1/sublayer_wrapper/layer_norm_beta:0' shape=(160,) dtype=float32_ref>
160
<tf.Variable 'vs_multi_gpu/encoder_decoder/decoder/copy_3/sublayer_1/sublayer_wrapper/layer_norm_gamma:0' shape=(160,) dtype=float32_ref>
160
<tf.Variable 'vs_multi_gpu/encoder_decoder/decoder/copy_3/sublayer_2/pwff/ff_d1/kernel:0' shape=(160, 320) dtype=float32_ref>
51200
<tf.Variable 'vs_multi_gpu/encoder_decoder/decoder/copy_3/sublayer_2/pwff/ff_d1/bias:0' shape=(320,) dtype=float32_ref>
320
<tf.Variable 'vs_multi_gpu/encoder_decoder/decoder/copy_3/sublayer_2/pwff/ff_d2/kernel:0' shape=(320, 160) dtype=float32_ref>
51200
<tf.Variable 'vs_multi_gpu/encoder_decoder/decoder/copy_3/sublayer_2/pwff/ff_d2/bias:0' shape=(160,) dtype=float32_ref>
160
<tf.Variable 'vs_multi_gpu/encoder_decoder/decoder/copy_3/sublayer_2/sublayer_wrapper/layer_norm_beta:0' shape=(160,) dtype=float32_ref>
160
<tf.Variable 'vs_multi_gpu/encoder_decoder/decoder/copy_3/sublayer_2/sublayer_wrapper/layer_norm_gamma:0' shape=(160,) dtype=float32_ref>
160
<tf.Variable 'vs_multi_gpu/encoder_decoder/decoder/copy_4/sublayer_0/multi_head/dense_query/kernel:0' shape=(160, 160) dtype=float32_ref>
25600
<tf.Variable 'vs_multi_gpu/encoder_decoder/decoder/copy_4/sublayer_0/multi_head/dense_query/bias:0' shape=(160,) dtype=float32_ref>
160
<tf.Variable 'vs_multi_gpu/encoder_decoder/decoder/copy_4/sublayer_0/multi_head/dense_key/kernel:0' shape=(160, 160) dtype=float32_ref>
25600
<tf.Variable 'vs_multi_gpu/encoder_decoder/decoder/copy_4/sublayer_0/multi_head/dense_key/bias:0' shape=(160,) dtype=float32_ref>
160
<tf.Variable 'vs_multi_gpu/encoder_decoder/decoder/copy_4/sublayer_0/multi_head/dense_value/kernel:0' shape=(160, 160) dtype=float32_ref>
25600
<tf.Variable 'vs_multi_gpu/encoder_decoder/decoder/copy_4/sublayer_0/multi_head/dense_value/bias:0' shape=(160,) dtype=float32_ref>
160
<tf.Variable 'vs_multi_gpu/encoder_decoder/decoder/copy_4/sublayer_0/multi_head/dense_trans/kernel:0' shape=(160, 160) dtype=float32_ref>
25600
<tf.Variable 'vs_multi_gpu/encoder_decoder/decoder/copy_4/sublayer_0/multi_head/dense_trans/bias:0' shape=(160,) dtype=float32_ref>
160
<tf.Variable 'vs_multi_gpu/encoder_decoder/decoder/copy_4/sublayer_0/sublayer_wrapper/layer_norm_beta:0' shape=(160,) dtype=float32_ref>
160
<tf.Variable 'vs_multi_gpu/encoder_decoder/decoder/copy_4/sublayer_0/sublayer_wrapper/layer_norm_gamma:0' shape=(160,) dtype=float32_ref>
160
<tf.Variable 'vs_multi_gpu/encoder_decoder/decoder/copy_4/sublayer_1/multi_head/dense_query/kernel:0' shape=(160, 160) dtype=float32_ref>
25600
<tf.Variable 'vs_multi_gpu/encoder_decoder/decoder/copy_4/sublayer_1/multi_head/dense_query/bias:0' shape=(160,) dtype=float32_ref>
160
<tf.Variable 'vs_multi_gpu/encoder_decoder/decoder/copy_4/sublayer_1/multi_head/dense_key/kernel:0' shape=(160, 160) dtype=float32_ref>
25600
<tf.Variable 'vs_multi_gpu/encoder_decoder/decoder/copy_4/sublayer_1/multi_head/dense_key/bias:0' shape=(160,) dtype=float32_ref>
160
<tf.Variable 'vs_multi_gpu/encoder_decoder/decoder/copy_4/sublayer_1/multi_head/dense_value/kernel:0' shape=(160, 160) dtype=float32_ref>
25600
<tf.Variable 'vs_multi_gpu/encoder_decoder/decoder/copy_4/sublayer_1/multi_head/dense_value/bias:0' shape=(160,) dtype=float32_ref>
160
<tf.Variable 'vs_multi_gpu/encoder_decoder/decoder/copy_4/sublayer_1/multi_head/dense_trans/kernel:0' shape=(160, 160) dtype=float32_ref>
25600
<tf.Variable 'vs_multi_gpu/encoder_decoder/decoder/copy_4/sublayer_1/multi_head/dense_trans/bias:0' shape=(160,) dtype=float32_ref>
160
<tf.Variable 'vs_multi_gpu/encoder_decoder/decoder/copy_4/sublayer_1/sublayer_wrapper/layer_norm_beta:0' shape=(160,) dtype=float32_ref>
160
<tf.Variable 'vs_multi_gpu/encoder_decoder/decoder/copy_4/sublayer_1/sublayer_wrapper/layer_norm_gamma:0' shape=(160,) dtype=float32_ref>
160
<tf.Variable 'vs_multi_gpu/encoder_decoder/decoder/copy_4/sublayer_2/pwff/ff_d1/kernel:0' shape=(160, 320) dtype=float32_ref>
51200
<tf.Variable 'vs_multi_gpu/encoder_decoder/decoder/copy_4/sublayer_2/pwff/ff_d1/bias:0' shape=(320,) dtype=float32_ref>
320
<tf.Variable 'vs_multi_gpu/encoder_decoder/decoder/copy_4/sublayer_2/pwff/ff_d2/kernel:0' shape=(320, 160) dtype=float32_ref>
51200
<tf.Variable 'vs_multi_gpu/encoder_decoder/decoder/copy_4/sublayer_2/pwff/ff_d2/bias:0' shape=(160,) dtype=float32_ref>
160
<tf.Variable 'vs_multi_gpu/encoder_decoder/decoder/copy_4/sublayer_2/sublayer_wrapper/layer_norm_beta:0' shape=(160,) dtype=float32_ref>
160
<tf.Variable 'vs_multi_gpu/encoder_decoder/decoder/copy_4/sublayer_2/sublayer_wrapper/layer_norm_gamma:0' shape=(160,) dtype=float32_ref>
160
<tf.Variable 'vs_multi_gpu/encoder_decoder/decoder/copy_5/sublayer_0/multi_head/dense_query/kernel:0' shape=(160, 160) dtype=float32_ref>
25600
<tf.Variable 'vs_multi_gpu/encoder_decoder/decoder/copy_5/sublayer_0/multi_head/dense_query/bias:0' shape=(160,) dtype=float32_ref>
160
<tf.Variable 'vs_multi_gpu/encoder_decoder/decoder/copy_5/sublayer_0/multi_head/dense_key/kernel:0' shape=(160, 160) dtype=float32_ref>
25600
<tf.Variable 'vs_multi_gpu/encoder_decoder/decoder/copy_5/sublayer_0/multi_head/dense_key/bias:0' shape=(160,) dtype=float32_ref>
160
<tf.Variable 'vs_multi_gpu/encoder_decoder/decoder/copy_5/sublayer_0/multi_head/dense_value/kernel:0' shape=(160, 160) dtype=float32_ref>
25600
<tf.Variable 'vs_multi_gpu/encoder_decoder/decoder/copy_5/sublayer_0/multi_head/dense_value/bias:0' shape=(160,) dtype=float32_ref>
160
<tf.Variable 'vs_multi_gpu/encoder_decoder/decoder/copy_5/sublayer_0/multi_head/dense_trans/kernel:0' shape=(160, 160) dtype=float32_ref>
25600
<tf.Variable 'vs_multi_gpu/encoder_decoder/decoder/copy_5/sublayer_0/multi_head/dense_trans/bias:0' shape=(160,) dtype=float32_ref>
160
<tf.Variable 'vs_multi_gpu/encoder_decoder/decoder/copy_5/sublayer_0/sublayer_wrapper/layer_norm_beta:0' shape=(160,) dtype=float32_ref>
160
<tf.Variable 'vs_multi_gpu/encoder_decoder/decoder/copy_5/sublayer_0/sublayer_wrapper/layer_norm_gamma:0' shape=(160,) dtype=float32_ref>
160
<tf.Variable 'vs_multi_gpu/encoder_decoder/decoder/copy_5/sublayer_1/multi_head/dense_query/kernel:0' shape=(160, 160) dtype=float32_ref>
25600
<tf.Variable 'vs_multi_gpu/encoder_decoder/decoder/copy_5/sublayer_1/multi_head/dense_query/bias:0' shape=(160,) dtype=float32_ref>
160
<tf.Variable 'vs_multi_gpu/encoder_decoder/decoder/copy_5/sublayer_1/multi_head/dense_key/kernel:0' shape=(160, 160) dtype=float32_ref>
25600
<tf.Variable 'vs_multi_gpu/encoder_decoder/decoder/copy_5/sublayer_1/multi_head/dense_key/bias:0' shape=(160,) dtype=float32_ref>
160
<tf.Variable 'vs_multi_gpu/encoder_decoder/decoder/copy_5/sublayer_1/multi_head/dense_value/kernel:0' shape=(160, 160) dtype=float32_ref>
25600
<tf.Variable 'vs_multi_gpu/encoder_decoder/decoder/copy_5/sublayer_1/multi_head/dense_value/bias:0' shape=(160,) dtype=float32_ref>
160
<tf.Variable 'vs_multi_gpu/encoder_decoder/decoder/copy_5/sublayer_1/multi_head/dense_trans/kernel:0' shape=(160, 160) dtype=float32_ref>
25600
<tf.Variable 'vs_multi_gpu/encoder_decoder/decoder/copy_5/sublayer_1/multi_head/dense_trans/bias:0' shape=(160,) dtype=float32_ref>
160
<tf.Variable 'vs_multi_gpu/encoder_decoder/decoder/copy_5/sublayer_1/sublayer_wrapper/layer_norm_beta:0' shape=(160,) dtype=float32_ref>
160
<tf.Variable 'vs_multi_gpu/encoder_decoder/decoder/copy_5/sublayer_1/sublayer_wrapper/layer_norm_gamma:0' shape=(160,) dtype=float32_ref>
160
<tf.Variable 'vs_multi_gpu/encoder_decoder/decoder/copy_5/sublayer_2/pwff/ff_d1/kernel:0' shape=(160, 320) dtype=float32_ref>
51200
<tf.Variable 'vs_multi_gpu/encoder_decoder/decoder/copy_5/sublayer_2/pwff/ff_d1/bias:0' shape=(320,) dtype=float32_ref>
320
<tf.Variable 'vs_multi_gpu/encoder_decoder/decoder/copy_5/sublayer_2/pwff/ff_d2/kernel:0' shape=(320, 160) dtype=float32_ref>
51200
<tf.Variable 'vs_multi_gpu/encoder_decoder/decoder/copy_5/sublayer_2/pwff/ff_d2/bias:0' shape=(160,) dtype=float32_ref>
160
<tf.Variable 'vs_multi_gpu/encoder_decoder/decoder/copy_5/sublayer_2/sublayer_wrapper/layer_norm_beta:0' shape=(160,) dtype=float32_ref>
160
<tf.Variable 'vs_multi_gpu/encoder_decoder/decoder/copy_5/sublayer_2/sublayer_wrapper/layer_norm_gamma:0' shape=(160,) dtype=float32_ref>
160
<tf.Variable 'vs_multi_gpu/encoder_decoder/decoder/copy_6/sublayer_0/multi_head/dense_query/kernel:0' shape=(160, 160) dtype=float32_ref>
25600
<tf.Variable 'vs_multi_gpu/encoder_decoder/decoder/copy_6/sublayer_0/multi_head/dense_query/bias:0' shape=(160,) dtype=float32_ref>
160
<tf.Variable 'vs_multi_gpu/encoder_decoder/decoder/copy_6/sublayer_0/multi_head/dense_key/kernel:0' shape=(160, 160) dtype=float32_ref>
25600
<tf.Variable 'vs_multi_gpu/encoder_decoder/decoder/copy_6/sublayer_0/multi_head/dense_key/bias:0' shape=(160,) dtype=float32_ref>
160
<tf.Variable 'vs_multi_gpu/encoder_decoder/decoder/copy_6/sublayer_0/multi_head/dense_value/kernel:0' shape=(160, 160) dtype=float32_ref>
25600
<tf.Variable 'vs_multi_gpu/encoder_decoder/decoder/copy_6/sublayer_0/multi_head/dense_value/bias:0' shape=(160,) dtype=float32_ref>
160
<tf.Variable 'vs_multi_gpu/encoder_decoder/decoder/copy_6/sublayer_0/multi_head/dense_trans/kernel:0' shape=(160, 160) dtype=float32_ref>
25600
<tf.Variable 'vs_multi_gpu/encoder_decoder/decoder/copy_6/sublayer_0/multi_head/dense_trans/bias:0' shape=(160,) dtype=float32_ref>
160
<tf.Variable 'vs_multi_gpu/encoder_decoder/decoder/copy_6/sublayer_0/sublayer_wrapper/layer_norm_beta:0' shape=(160,) dtype=float32_ref>
160
<tf.Variable 'vs_multi_gpu/encoder_decoder/decoder/copy_6/sublayer_0/sublayer_wrapper/layer_norm_gamma:0' shape=(160,) dtype=float32_ref>
160
<tf.Variable 'vs_multi_gpu/encoder_decoder/decoder/copy_6/sublayer_1/multi_head/dense_query/kernel:0' shape=(160, 160) dtype=float32_ref>
25600
<tf.Variable 'vs_multi_gpu/encoder_decoder/decoder/copy_6/sublayer_1/multi_head/dense_query/bias:0' shape=(160,) dtype=float32_ref>
160
<tf.Variable 'vs_multi_gpu/encoder_decoder/decoder/copy_6/sublayer_1/multi_head/dense_key/kernel:0' shape=(160, 160) dtype=float32_ref>
25600
<tf.Variable 'vs_multi_gpu/encoder_decoder/decoder/copy_6/sublayer_1/multi_head/dense_key/bias:0' shape=(160,) dtype=float32_ref>
160
<tf.Variable 'vs_multi_gpu/encoder_decoder/decoder/copy_6/sublayer_1/multi_head/dense_value/kernel:0' shape=(160, 160) dtype=float32_ref>
25600
<tf.Variable 'vs_multi_gpu/encoder_decoder/decoder/copy_6/sublayer_1/multi_head/dense_value/bias:0' shape=(160,) dtype=float32_ref>
160
<tf.Variable 'vs_multi_gpu/encoder_decoder/decoder/copy_6/sublayer_1/multi_head/dense_trans/kernel:0' shape=(160, 160) dtype=float32_ref>
25600
<tf.Variable 'vs_multi_gpu/encoder_decoder/decoder/copy_6/sublayer_1/multi_head/dense_trans/bias:0' shape=(160,) dtype=float32_ref>
160
<tf.Variable 'vs_multi_gpu/encoder_decoder/decoder/copy_6/sublayer_1/sublayer_wrapper/layer_norm_beta:0' shape=(160,) dtype=float32_ref>
160
<tf.Variable 'vs_multi_gpu/encoder_decoder/decoder/copy_6/sublayer_1/sublayer_wrapper/layer_norm_gamma:0' shape=(160,) dtype=float32_ref>
160
<tf.Variable 'vs_multi_gpu/encoder_decoder/decoder/copy_6/sublayer_2/pwff/ff_d1/kernel:0' shape=(160, 320) dtype=float32_ref>
51200
<tf.Variable 'vs_multi_gpu/encoder_decoder/decoder/copy_6/sublayer_2/pwff/ff_d1/bias:0' shape=(320,) dtype=float32_ref>
320
<tf.Variable 'vs_multi_gpu/encoder_decoder/decoder/copy_6/sublayer_2/pwff/ff_d2/kernel:0' shape=(320, 160) dtype=float32_ref>
51200
<tf.Variable 'vs_multi_gpu/encoder_decoder/decoder/copy_6/sublayer_2/pwff/ff_d2/bias:0' shape=(160,) dtype=float32_ref>
160
<tf.Variable 'vs_multi_gpu/encoder_decoder/decoder/copy_6/sublayer_2/sublayer_wrapper/layer_norm_beta:0' shape=(160,) dtype=float32_ref>
160
<tf.Variable 'vs_multi_gpu/encoder_decoder/decoder/copy_6/sublayer_2/sublayer_wrapper/layer_norm_gamma:0' shape=(160,) dtype=float32_ref>
160
<tf.Variable 'vs_multi_gpu/encoder_decoder/decoder/copy_7/sublayer_0/multi_head/dense_query/kernel:0' shape=(160, 160) dtype=float32_ref>
25600
<tf.Variable 'vs_multi_gpu/encoder_decoder/decoder/copy_7/sublayer_0/multi_head/dense_query/bias:0' shape=(160,) dtype=float32_ref>
160
<tf.Variable 'vs_multi_gpu/encoder_decoder/decoder/copy_7/sublayer_0/multi_head/dense_key/kernel:0' shape=(160, 160) dtype=float32_ref>
25600
<tf.Variable 'vs_multi_gpu/encoder_decoder/decoder/copy_7/sublayer_0/multi_head/dense_key/bias:0' shape=(160,) dtype=float32_ref>
160
<tf.Variable 'vs_multi_gpu/encoder_decoder/decoder/copy_7/sublayer_0/multi_head/dense_value/kernel:0' shape=(160, 160) dtype=float32_ref>
25600
<tf.Variable 'vs_multi_gpu/encoder_decoder/decoder/copy_7/sublayer_0/multi_head/dense_value/bias:0' shape=(160,) dtype=float32_ref>
160
<tf.Variable 'vs_multi_gpu/encoder_decoder/decoder/copy_7/sublayer_0/multi_head/dense_trans/kernel:0' shape=(160, 160) dtype=float32_ref>
25600
<tf.Variable 'vs_multi_gpu/encoder_decoder/decoder/copy_7/sublayer_0/multi_head/dense_trans/bias:0' shape=(160,) dtype=float32_ref>
160
<tf.Variable 'vs_multi_gpu/encoder_decoder/decoder/copy_7/sublayer_0/sublayer_wrapper/layer_norm_beta:0' shape=(160,) dtype=float32_ref>
160
<tf.Variable 'vs_multi_gpu/encoder_decoder/decoder/copy_7/sublayer_0/sublayer_wrapper/layer_norm_gamma:0' shape=(160,) dtype=float32_ref>
160
<tf.Variable 'vs_multi_gpu/encoder_decoder/decoder/copy_7/sublayer_1/multi_head/dense_query/kernel:0' shape=(160, 160) dtype=float32_ref>
25600
<tf.Variable 'vs_multi_gpu/encoder_decoder/decoder/copy_7/sublayer_1/multi_head/dense_query/bias:0' shape=(160,) dtype=float32_ref>
160
<tf.Variable 'vs_multi_gpu/encoder_decoder/decoder/copy_7/sublayer_1/multi_head/dense_key/kernel:0' shape=(160, 160) dtype=float32_ref>
25600
<tf.Variable 'vs_multi_gpu/encoder_decoder/decoder/copy_7/sublayer_1/multi_head/dense_key/bias:0' shape=(160,) dtype=float32_ref>
160
<tf.Variable 'vs_multi_gpu/encoder_decoder/decoder/copy_7/sublayer_1/multi_head/dense_value/kernel:0' shape=(160, 160) dtype=float32_ref>
25600
<tf.Variable 'vs_multi_gpu/encoder_decoder/decoder/copy_7/sublayer_1/multi_head/dense_value/bias:0' shape=(160,) dtype=float32_ref>
160
<tf.Variable 'vs_multi_gpu/encoder_decoder/decoder/copy_7/sublayer_1/multi_head/dense_trans/kernel:0' shape=(160, 160) dtype=float32_ref>
25600
<tf.Variable 'vs_multi_gpu/encoder_decoder/decoder/copy_7/sublayer_1/multi_head/dense_trans/bias:0' shape=(160,) dtype=float32_ref>
160
<tf.Variable 'vs_multi_gpu/encoder_decoder/decoder/copy_7/sublayer_1/sublayer_wrapper/layer_norm_beta:0' shape=(160,) dtype=float32_ref>
160
<tf.Variable 'vs_multi_gpu/encoder_decoder/decoder/copy_7/sublayer_1/sublayer_wrapper/layer_norm_gamma:0' shape=(160,) dtype=float32_ref>
160
<tf.Variable 'vs_multi_gpu/encoder_decoder/decoder/copy_7/sublayer_2/pwff/ff_d1/kernel:0' shape=(160, 320) dtype=float32_ref>
51200
<tf.Variable 'vs_multi_gpu/encoder_decoder/decoder/copy_7/sublayer_2/pwff/ff_d1/bias:0' shape=(320,) dtype=float32_ref>
320
<tf.Variable 'vs_multi_gpu/encoder_decoder/decoder/copy_7/sublayer_2/pwff/ff_d2/kernel:0' shape=(320, 160) dtype=float32_ref>
51200
<tf.Variable 'vs_multi_gpu/encoder_decoder/decoder/copy_7/sublayer_2/pwff/ff_d2/bias:0' shape=(160,) dtype=float32_ref>
160
<tf.Variable 'vs_multi_gpu/encoder_decoder/decoder/copy_7/sublayer_2/sublayer_wrapper/layer_norm_beta:0' shape=(160,) dtype=float32_ref>
160
<tf.Variable 'vs_multi_gpu/encoder_decoder/decoder/copy_7/sublayer_2/sublayer_wrapper/layer_norm_gamma:0' shape=(160,) dtype=float32_ref>
160
<tf.Variable 'vs_multi_gpu/encoder_decoder/decoder/layer_norm_beta:0' shape=(160,) dtype=float32_ref>
160
<tf.Variable 'vs_multi_gpu/encoder_decoder/decoder/layer_norm_gamma:0' shape=(160,) dtype=float32_ref>
160
<tf.Variable 'vs_multi_gpu/encoder_decoder/proj/bias:0' shape=(17,) dtype=float32_ref>
17

Failed: ckpt loading from task_copy_result/model_transformer_best
fill_example_queue(), single_pass on, data finished, break loop
fill_batch_queue(), examples reput, num_examples: 24.
fill_batch_queue(), examples reput, num_examples: 0.
fill_batch_queue(), examples reput, num_examples: 24.
batch_q_size: 0, example_q_size: 24
Tensor("src_seq:0", shape=(?, ?), dtype=int32)
Tensor("vs_multi_gpu/logits:0", shape=(?, 12, 17), dtype=float32)
Tensor("vs_multi_gpu/preds:0", shape=(?, 12), dtype=int64)
Tensor("vs_multi_gpu/loss/loss:0", shape=(), dtype=float32)
Tensor("vs_multi_gpu/metric/metric:0", shape=(), dtype=float32)
graph built, there are 342 variables in the model
there are 4135217 parameters in the model

<tf.Variable 'vs_multi_gpu/token_embeddings:0' shape=(17, 160) dtype=float32_ref>
2720
<tf.Variable 'vs_multi_gpu/encoder_decoder/encoder/copy_0/sublayer_0/multi_head/dense_query/kernel:0' shape=(160, 160) dtype=float32_ref>
25600
<tf.Variable 'vs_multi_gpu/encoder_decoder/encoder/copy_0/sublayer_0/multi_head/dense_query/bias:0' shape=(160,) dtype=float32_ref>
160
<tf.Variable 'vs_multi_gpu/encoder_decoder/encoder/copy_0/sublayer_0/multi_head/dense_key/kernel:0' shape=(160, 160) dtype=float32_ref>
25600
<tf.Variable 'vs_multi_gpu/encoder_decoder/encoder/copy_0/sublayer_0/multi_head/dense_key/bias:0' shape=(160,) dtype=float32_ref>
160
<tf.Variable 'vs_multi_gpu/encoder_decoder/encoder/copy_0/sublayer_0/multi_head/dense_value/kernel:0' shape=(160, 160) dtype=float32_ref>
25600
<tf.Variable 'vs_multi_gpu/encoder_decoder/encoder/copy_0/sublayer_0/multi_head/dense_value/bias:0' shape=(160,) dtype=float32_ref>
160
<tf.Variable 'vs_multi_gpu/encoder_decoder/encoder/copy_0/sublayer_0/multi_head/dense_trans/kernel:0' shape=(160, 160) dtype=float32_ref>
25600
<tf.Variable 'vs_multi_gpu/encoder_decoder/encoder/copy_0/sublayer_0/multi_head/dense_trans/bias:0' shape=(160,) dtype=float32_ref>
160
<tf.Variable 'vs_multi_gpu/encoder_decoder/encoder/copy_0/sublayer_0/sublayer_wrapper/layer_norm_beta:0' shape=(160,) dtype=float32_ref>
160
<tf.Variable 'vs_multi_gpu/encoder_decoder/encoder/copy_0/sublayer_0/sublayer_wrapper/layer_norm_gamma:0' shape=(160,) dtype=float32_ref>
160
<tf.Variable 'vs_multi_gpu/encoder_decoder/encoder/copy_0/sublayer_1/pwff/ff_d1/kernel:0' shape=(160, 320) dtype=float32_ref>
51200
<tf.Variable 'vs_multi_gpu/encoder_decoder/encoder/copy_0/sublayer_1/pwff/ff_d1/bias:0' shape=(320,) dtype=float32_ref>
320
<tf.Variable 'vs_multi_gpu/encoder_decoder/encoder/copy_0/sublayer_1/pwff/ff_d2/kernel:0' shape=(320, 160) dtype=float32_ref>
51200
<tf.Variable 'vs_multi_gpu/encoder_decoder/encoder/copy_0/sublayer_1/pwff/ff_d2/bias:0' shape=(160,) dtype=float32_ref>
160
<tf.Variable 'vs_multi_gpu/encoder_decoder/encoder/copy_0/sublayer_1/sublayer_wrapper/layer_norm_beta:0' shape=(160,) dtype=float32_ref>
160
<tf.Variable 'vs_multi_gpu/encoder_decoder/encoder/copy_0/sublayer_1/sublayer_wrapper/layer_norm_gamma:0' shape=(160,) dtype=float32_ref>
160
<tf.Variable 'vs_multi_gpu/encoder_decoder/encoder/copy_1/sublayer_0/multi_head/dense_query/kernel:0' shape=(160, 160) dtype=float32_ref>
25600
<tf.Variable 'vs_multi_gpu/encoder_decoder/encoder/copy_1/sublayer_0/multi_head/dense_query/bias:0' shape=(160,) dtype=float32_ref>
160
<tf.Variable 'vs_multi_gpu/encoder_decoder/encoder/copy_1/sublayer_0/multi_head/dense_key/kernel:0' shape=(160, 160) dtype=float32_ref>
25600
<tf.Variable 'vs_multi_gpu/encoder_decoder/encoder/copy_1/sublayer_0/multi_head/dense_key/bias:0' shape=(160,) dtype=float32_ref>
160
<tf.Variable 'vs_multi_gpu/encoder_decoder/encoder/copy_1/sublayer_0/multi_head/dense_value/kernel:0' shape=(160, 160) dtype=float32_ref>
25600
<tf.Variable 'vs_multi_gpu/encoder_decoder/encoder/copy_1/sublayer_0/multi_head/dense_value/bias:0' shape=(160,) dtype=float32_ref>
160
<tf.Variable 'vs_multi_gpu/encoder_decoder/encoder/copy_1/sublayer_0/multi_head/dense_trans/kernel:0' shape=(160, 160) dtype=float32_ref>
25600
<tf.Variable 'vs_multi_gpu/encoder_decoder/encoder/copy_1/sublayer_0/multi_head/dense_trans/bias:0' shape=(160,) dtype=float32_ref>
160
<tf.Variable 'vs_multi_gpu/encoder_decoder/encoder/copy_1/sublayer_0/sublayer_wrapper/layer_norm_beta:0' shape=(160,) dtype=float32_ref>
160
<tf.Variable 'vs_multi_gpu/encoder_decoder/encoder/copy_1/sublayer_0/sublayer_wrapper/layer_norm_gamma:0' shape=(160,) dtype=float32_ref>
160
<tf.Variable 'vs_multi_gpu/encoder_decoder/encoder/copy_1/sublayer_1/pwff/ff_d1/kernel:0' shape=(160, 320) dtype=float32_ref>
51200
<tf.Variable 'vs_multi_gpu/encoder_decoder/encoder/copy_1/sublayer_1/pwff/ff_d1/bias:0' shape=(320,) dtype=float32_ref>
320
<tf.Variable 'vs_multi_gpu/encoder_decoder/encoder/copy_1/sublayer_1/pwff/ff_d2/kernel:0' shape=(320, 160) dtype=float32_ref>
51200
<tf.Variable 'vs_multi_gpu/encoder_decoder/encoder/copy_1/sublayer_1/pwff/ff_d2/bias:0' shape=(160,) dtype=float32_ref>
160
<tf.Variable 'vs_multi_gpu/encoder_decoder/encoder/copy_1/sublayer_1/sublayer_wrapper/layer_norm_beta:0' shape=(160,) dtype=float32_ref>
160
<tf.Variable 'vs_multi_gpu/encoder_decoder/encoder/copy_1/sublayer_1/sublayer_wrapper/layer_norm_gamma:0' shape=(160,) dtype=float32_ref>
160
<tf.Variable 'vs_multi_gpu/encoder_decoder/encoder/copy_2/sublayer_0/multi_head/dense_query/kernel:0' shape=(160, 160) dtype=float32_ref>
25600
<tf.Variable 'vs_multi_gpu/encoder_decoder/encoder/copy_2/sublayer_0/multi_head/dense_query/bias:0' shape=(160,) dtype=float32_ref>
160
<tf.Variable 'vs_multi_gpu/encoder_decoder/encoder/copy_2/sublayer_0/multi_head/dense_key/kernel:0' shape=(160, 160) dtype=float32_ref>
25600
<tf.Variable 'vs_multi_gpu/encoder_decoder/encoder/copy_2/sublayer_0/multi_head/dense_key/bias:0' shape=(160,) dtype=float32_ref>
160
<tf.Variable 'vs_multi_gpu/encoder_decoder/encoder/copy_2/sublayer_0/multi_head/dense_value/kernel:0' shape=(160, 160) dtype=float32_ref>
25600
<tf.Variable 'vs_multi_gpu/encoder_decoder/encoder/copy_2/sublayer_0/multi_head/dense_value/bias:0' shape=(160,) dtype=float32_ref>
160
<tf.Variable 'vs_multi_gpu/encoder_decoder/encoder/copy_2/sublayer_0/multi_head/dense_trans/kernel:0' shape=(160, 160) dtype=float32_ref>
25600
<tf.Variable 'vs_multi_gpu/encoder_decoder/encoder/copy_2/sublayer_0/multi_head/dense_trans/bias:0' shape=(160,) dtype=float32_ref>
160
<tf.Variable 'vs_multi_gpu/encoder_decoder/encoder/copy_2/sublayer_0/sublayer_wrapper/layer_norm_beta:0' shape=(160,) dtype=float32_ref>
160
<tf.Variable 'vs_multi_gpu/encoder_decoder/encoder/copy_2/sublayer_0/sublayer_wrapper/layer_norm_gamma:0' shape=(160,) dtype=float32_ref>
160
<tf.Variable 'vs_multi_gpu/encoder_decoder/encoder/copy_2/sublayer_1/pwff/ff_d1/kernel:0' shape=(160, 320) dtype=float32_ref>
51200
<tf.Variable 'vs_multi_gpu/encoder_decoder/encoder/copy_2/sublayer_1/pwff/ff_d1/bias:0' shape=(320,) dtype=float32_ref>
320
<tf.Variable 'vs_multi_gpu/encoder_decoder/encoder/copy_2/sublayer_1/pwff/ff_d2/kernel:0' shape=(320, 160) dtype=float32_ref>
51200
<tf.Variable 'vs_multi_gpu/encoder_decoder/encoder/copy_2/sublayer_1/pwff/ff_d2/bias:0' shape=(160,) dtype=float32_ref>
160
<tf.Variable 'vs_multi_gpu/encoder_decoder/encoder/copy_2/sublayer_1/sublayer_wrapper/layer_norm_beta:0' shape=(160,) dtype=float32_ref>
160
<tf.Variable 'vs_multi_gpu/encoder_decoder/encoder/copy_2/sublayer_1/sublayer_wrapper/layer_norm_gamma:0' shape=(160,) dtype=float32_ref>
160
<tf.Variable 'vs_multi_gpu/encoder_decoder/encoder/copy_3/sublayer_0/multi_head/dense_query/kernel:0' shape=(160, 160) dtype=float32_ref>
25600
<tf.Variable 'vs_multi_gpu/encoder_decoder/encoder/copy_3/sublayer_0/multi_head/dense_query/bias:0' shape=(160,) dtype=float32_ref>
160
<tf.Variable 'vs_multi_gpu/encoder_decoder/encoder/copy_3/sublayer_0/multi_head/dense_key/kernel:0' shape=(160, 160) dtype=float32_ref>
25600
<tf.Variable 'vs_multi_gpu/encoder_decoder/encoder/copy_3/sublayer_0/multi_head/dense_key/bias:0' shape=(160,) dtype=float32_ref>
160
<tf.Variable 'vs_multi_gpu/encoder_decoder/encoder/copy_3/sublayer_0/multi_head/dense_value/kernel:0' shape=(160, 160) dtype=float32_ref>
25600
<tf.Variable 'vs_multi_gpu/encoder_decoder/encoder/copy_3/sublayer_0/multi_head/dense_value/bias:0' shape=(160,) dtype=float32_ref>
160
<tf.Variable 'vs_multi_gpu/encoder_decoder/encoder/copy_3/sublayer_0/multi_head/dense_trans/kernel:0' shape=(160, 160) dtype=float32_ref>
25600
<tf.Variable 'vs_multi_gpu/encoder_decoder/encoder/copy_3/sublayer_0/multi_head/dense_trans/bias:0' shape=(160,) dtype=float32_ref>
160
<tf.Variable 'vs_multi_gpu/encoder_decoder/encoder/copy_3/sublayer_0/sublayer_wrapper/layer_norm_beta:0' shape=(160,) dtype=float32_ref>
160
<tf.Variable 'vs_multi_gpu/encoder_decoder/encoder/copy_3/sublayer_0/sublayer_wrapper/layer_norm_gamma:0' shape=(160,) dtype=float32_ref>
160
<tf.Variable 'vs_multi_gpu/encoder_decoder/encoder/copy_3/sublayer_1/pwff/ff_d1/kernel:0' shape=(160, 320) dtype=float32_ref>
51200
<tf.Variable 'vs_multi_gpu/encoder_decoder/encoder/copy_3/sublayer_1/pwff/ff_d1/bias:0' shape=(320,) dtype=float32_ref>
320
<tf.Variable 'vs_multi_gpu/encoder_decoder/encoder/copy_3/sublayer_1/pwff/ff_d2/kernel:0' shape=(320, 160) dtype=float32_ref>
51200
<tf.Variable 'vs_multi_gpu/encoder_decoder/encoder/copy_3/sublayer_1/pwff/ff_d2/bias:0' shape=(160,) dtype=float32_ref>
160
<tf.Variable 'vs_multi_gpu/encoder_decoder/encoder/copy_3/sublayer_1/sublayer_wrapper/layer_norm_beta:0' shape=(160,) dtype=float32_ref>
160
<tf.Variable 'vs_multi_gpu/encoder_decoder/encoder/copy_3/sublayer_1/sublayer_wrapper/layer_norm_gamma:0' shape=(160,) dtype=float32_ref>
160
<tf.Variable 'vs_multi_gpu/encoder_decoder/encoder/copy_4/sublayer_0/multi_head/dense_query/kernel:0' shape=(160, 160) dtype=float32_ref>
25600
<tf.Variable 'vs_multi_gpu/encoder_decoder/encoder/copy_4/sublayer_0/multi_head/dense_query/bias:0' shape=(160,) dtype=float32_ref>
160
<tf.Variable 'vs_multi_gpu/encoder_decoder/encoder/copy_4/sublayer_0/multi_head/dense_key/kernel:0' shape=(160, 160) dtype=float32_ref>
25600
<tf.Variable 'vs_multi_gpu/encoder_decoder/encoder/copy_4/sublayer_0/multi_head/dense_key/bias:0' shape=(160,) dtype=float32_ref>
160
<tf.Variable 'vs_multi_gpu/encoder_decoder/encoder/copy_4/sublayer_0/multi_head/dense_value/kernel:0' shape=(160, 160) dtype=float32_ref>
25600
<tf.Variable 'vs_multi_gpu/encoder_decoder/encoder/copy_4/sublayer_0/multi_head/dense_value/bias:0' shape=(160,) dtype=float32_ref>
160
<tf.Variable 'vs_multi_gpu/encoder_decoder/encoder/copy_4/sublayer_0/multi_head/dense_trans/kernel:0' shape=(160, 160) dtype=float32_ref>
25600
<tf.Variable 'vs_multi_gpu/encoder_decoder/encoder/copy_4/sublayer_0/multi_head/dense_trans/bias:0' shape=(160,) dtype=float32_ref>
160
<tf.Variable 'vs_multi_gpu/encoder_decoder/encoder/copy_4/sublayer_0/sublayer_wrapper/layer_norm_beta:0' shape=(160,) dtype=float32_ref>
160
<tf.Variable 'vs_multi_gpu/encoder_decoder/encoder/copy_4/sublayer_0/sublayer_wrapper/layer_norm_gamma:0' shape=(160,) dtype=float32_ref>
160
<tf.Variable 'vs_multi_gpu/encoder_decoder/encoder/copy_4/sublayer_1/pwff/ff_d1/kernel:0' shape=(160, 320) dtype=float32_ref>
51200
<tf.Variable 'vs_multi_gpu/encoder_decoder/encoder/copy_4/sublayer_1/pwff/ff_d1/bias:0' shape=(320,) dtype=float32_ref>
320
<tf.Variable 'vs_multi_gpu/encoder_decoder/encoder/copy_4/sublayer_1/pwff/ff_d2/kernel:0' shape=(320, 160) dtype=float32_ref>
51200
<tf.Variable 'vs_multi_gpu/encoder_decoder/encoder/copy_4/sublayer_1/pwff/ff_d2/bias:0' shape=(160,) dtype=float32_ref>
160
<tf.Variable 'vs_multi_gpu/encoder_decoder/encoder/copy_4/sublayer_1/sublayer_wrapper/layer_norm_beta:0' shape=(160,) dtype=float32_ref>
160
<tf.Variable 'vs_multi_gpu/encoder_decoder/encoder/copy_4/sublayer_1/sublayer_wrapper/layer_norm_gamma:0' shape=(160,) dtype=float32_ref>
160
<tf.Variable 'vs_multi_gpu/encoder_decoder/encoder/copy_5/sublayer_0/multi_head/dense_query/kernel:0' shape=(160, 160) dtype=float32_ref>
25600
<tf.Variable 'vs_multi_gpu/encoder_decoder/encoder/copy_5/sublayer_0/multi_head/dense_query/bias:0' shape=(160,) dtype=float32_ref>
160
<tf.Variable 'vs_multi_gpu/encoder_decoder/encoder/copy_5/sublayer_0/multi_head/dense_key/kernel:0' shape=(160, 160) dtype=float32_ref>
25600
<tf.Variable 'vs_multi_gpu/encoder_decoder/encoder/copy_5/sublayer_0/multi_head/dense_key/bias:0' shape=(160,) dtype=float32_ref>
160
<tf.Variable 'vs_multi_gpu/encoder_decoder/encoder/copy_5/sublayer_0/multi_head/dense_value/kernel:0' shape=(160, 160) dtype=float32_ref>
25600
<tf.Variable 'vs_multi_gpu/encoder_decoder/encoder/copy_5/sublayer_0/multi_head/dense_value/bias:0' shape=(160,) dtype=float32_ref>
160
<tf.Variable 'vs_multi_gpu/encoder_decoder/encoder/copy_5/sublayer_0/multi_head/dense_trans/kernel:0' shape=(160, 160) dtype=float32_ref>
25600
<tf.Variable 'vs_multi_gpu/encoder_decoder/encoder/copy_5/sublayer_0/multi_head/dense_trans/bias:0' shape=(160,) dtype=float32_ref>
160
<tf.Variable 'vs_multi_gpu/encoder_decoder/encoder/copy_5/sublayer_0/sublayer_wrapper/layer_norm_beta:0' shape=(160,) dtype=float32_ref>
160
<tf.Variable 'vs_multi_gpu/encoder_decoder/encoder/copy_5/sublayer_0/sublayer_wrapper/layer_norm_gamma:0' shape=(160,) dtype=float32_ref>
160
<tf.Variable 'vs_multi_gpu/encoder_decoder/encoder/copy_5/sublayer_1/pwff/ff_d1/kernel:0' shape=(160, 320) dtype=float32_ref>
51200
<tf.Variable 'vs_multi_gpu/encoder_decoder/encoder/copy_5/sublayer_1/pwff/ff_d1/bias:0' shape=(320,) dtype=float32_ref>
320
<tf.Variable 'vs_multi_gpu/encoder_decoder/encoder/copy_5/sublayer_1/pwff/ff_d2/kernel:0' shape=(320, 160) dtype=float32_ref>
51200
<tf.Variable 'vs_multi_gpu/encoder_decoder/encoder/copy_5/sublayer_1/pwff/ff_d2/bias:0' shape=(160,) dtype=float32_ref>
160
<tf.Variable 'vs_multi_gpu/encoder_decoder/encoder/copy_5/sublayer_1/sublayer_wrapper/layer_norm_beta:0' shape=(160,) dtype=float32_ref>
160
<tf.Variable 'vs_multi_gpu/encoder_decoder/encoder/copy_5/sublayer_1/sublayer_wrapper/layer_norm_gamma:0' shape=(160,) dtype=float32_ref>
160
<tf.Variable 'vs_multi_gpu/encoder_decoder/encoder/copy_6/sublayer_0/multi_head/dense_query/kernel:0' shape=(160, 160) dtype=float32_ref>
25600
<tf.Variable 'vs_multi_gpu/encoder_decoder/encoder/copy_6/sublayer_0/multi_head/dense_query/bias:0' shape=(160,) dtype=float32_ref>
160
<tf.Variable 'vs_multi_gpu/encoder_decoder/encoder/copy_6/sublayer_0/multi_head/dense_key/kernel:0' shape=(160, 160) dtype=float32_ref>
25600
<tf.Variable 'vs_multi_gpu/encoder_decoder/encoder/copy_6/sublayer_0/multi_head/dense_key/bias:0' shape=(160,) dtype=float32_ref>
160
<tf.Variable 'vs_multi_gpu/encoder_decoder/encoder/copy_6/sublayer_0/multi_head/dense_value/kernel:0' shape=(160, 160) dtype=float32_ref>
25600
<tf.Variable 'vs_multi_gpu/encoder_decoder/encoder/copy_6/sublayer_0/multi_head/dense_value/bias:0' shape=(160,) dtype=float32_ref>
160
<tf.Variable 'vs_multi_gpu/encoder_decoder/encoder/copy_6/sublayer_0/multi_head/dense_trans/kernel:0' shape=(160, 160) dtype=float32_ref>
25600
<tf.Variable 'vs_multi_gpu/encoder_decoder/encoder/copy_6/sublayer_0/multi_head/dense_trans/bias:0' shape=(160,) dtype=float32_ref>
160
<tf.Variable 'vs_multi_gpu/encoder_decoder/encoder/copy_6/sublayer_0/sublayer_wrapper/layer_norm_beta:0' shape=(160,) dtype=float32_ref>
160
<tf.Variable 'vs_multi_gpu/encoder_decoder/encoder/copy_6/sublayer_0/sublayer_wrapper/layer_norm_gamma:0' shape=(160,) dtype=float32_ref>
160
<tf.Variable 'vs_multi_gpu/encoder_decoder/encoder/copy_6/sublayer_1/pwff/ff_d1/kernel:0' shape=(160, 320) dtype=float32_ref>
51200
<tf.Variable 'vs_multi_gpu/encoder_decoder/encoder/copy_6/sublayer_1/pwff/ff_d1/bias:0' shape=(320,) dtype=float32_ref>
320
<tf.Variable 'vs_multi_gpu/encoder_decoder/encoder/copy_6/sublayer_1/pwff/ff_d2/kernel:0' shape=(320, 160) dtype=float32_ref>
51200
<tf.Variable 'vs_multi_gpu/encoder_decoder/encoder/copy_6/sublayer_1/pwff/ff_d2/bias:0' shape=(160,) dtype=float32_ref>
160
<tf.Variable 'vs_multi_gpu/encoder_decoder/encoder/copy_6/sublayer_1/sublayer_wrapper/layer_norm_beta:0' shape=(160,) dtype=float32_ref>
160
<tf.Variable 'vs_multi_gpu/encoder_decoder/encoder/copy_6/sublayer_1/sublayer_wrapper/layer_norm_gamma:0' shape=(160,) dtype=float32_ref>
160
<tf.Variable 'vs_multi_gpu/encoder_decoder/encoder/copy_7/sublayer_0/multi_head/dense_query/kernel:0' shape=(160, 160) dtype=float32_ref>
25600
<tf.Variable 'vs_multi_gpu/encoder_decoder/encoder/copy_7/sublayer_0/multi_head/dense_query/bias:0' shape=(160,) dtype=float32_ref>
160
<tf.Variable 'vs_multi_gpu/encoder_decoder/encoder/copy_7/sublayer_0/multi_head/dense_key/kernel:0' shape=(160, 160) dtype=float32_ref>
25600
<tf.Variable 'vs_multi_gpu/encoder_decoder/encoder/copy_7/sublayer_0/multi_head/dense_key/bias:0' shape=(160,) dtype=float32_ref>
160
<tf.Variable 'vs_multi_gpu/encoder_decoder/encoder/copy_7/sublayer_0/multi_head/dense_value/kernel:0' shape=(160, 160) dtype=float32_ref>
25600
<tf.Variable 'vs_multi_gpu/encoder_decoder/encoder/copy_7/sublayer_0/multi_head/dense_value/bias:0' shape=(160,) dtype=float32_ref>
160
<tf.Variable 'vs_multi_gpu/encoder_decoder/encoder/copy_7/sublayer_0/multi_head/dense_trans/kernel:0' shape=(160, 160) dtype=float32_ref>
25600
<tf.Variable 'vs_multi_gpu/encoder_decoder/encoder/copy_7/sublayer_0/multi_head/dense_trans/bias:0' shape=(160,) dtype=float32_ref>
160
<tf.Variable 'vs_multi_gpu/encoder_decoder/encoder/copy_7/sublayer_0/sublayer_wrapper/layer_norm_beta:0' shape=(160,) dtype=float32_ref>
160
<tf.Variable 'vs_multi_gpu/encoder_decoder/encoder/copy_7/sublayer_0/sublayer_wrapper/layer_norm_gamma:0' shape=(160,) dtype=float32_ref>
160
<tf.Variable 'vs_multi_gpu/encoder_decoder/encoder/copy_7/sublayer_1/pwff/ff_d1/kernel:0' shape=(160, 320) dtype=float32_ref>
51200
<tf.Variable 'vs_multi_gpu/encoder_decoder/encoder/copy_7/sublayer_1/pwff/ff_d1/bias:0' shape=(320,) dtype=float32_ref>
320
<tf.Variable 'vs_multi_gpu/encoder_decoder/encoder/copy_7/sublayer_1/pwff/ff_d2/kernel:0' shape=(320, 160) dtype=float32_ref>
51200
<tf.Variable 'vs_multi_gpu/encoder_decoder/encoder/copy_7/sublayer_1/pwff/ff_d2/bias:0' shape=(160,) dtype=float32_ref>
160
<tf.Variable 'vs_multi_gpu/encoder_decoder/encoder/copy_7/sublayer_1/sublayer_wrapper/layer_norm_beta:0' shape=(160,) dtype=float32_ref>
160
<tf.Variable 'vs_multi_gpu/encoder_decoder/encoder/copy_7/sublayer_1/sublayer_wrapper/layer_norm_gamma:0' shape=(160,) dtype=float32_ref>
160
<tf.Variable 'vs_multi_gpu/encoder_decoder/encoder/layer_norm_beta:0' shape=(160,) dtype=float32_ref>
160
<tf.Variable 'vs_multi_gpu/encoder_decoder/encoder/layer_norm_gamma:0' shape=(160,) dtype=float32_ref>
160
<tf.Variable 'vs_multi_gpu/encoder_decoder/decoder/copy_0/sublayer_0/multi_head/dense_query/kernel:0' shape=(160, 160) dtype=float32_ref>
25600
<tf.Variable 'vs_multi_gpu/encoder_decoder/decoder/copy_0/sublayer_0/multi_head/dense_query/bias:0' shape=(160,) dtype=float32_ref>
160
<tf.Variable 'vs_multi_gpu/encoder_decoder/decoder/copy_0/sublayer_0/multi_head/dense_key/kernel:0' shape=(160, 160) dtype=float32_ref>
25600
<tf.Variable 'vs_multi_gpu/encoder_decoder/decoder/copy_0/sublayer_0/multi_head/dense_key/bias:0' shape=(160,) dtype=float32_ref>
160
<tf.Variable 'vs_multi_gpu/encoder_decoder/decoder/copy_0/sublayer_0/multi_head/dense_value/kernel:0' shape=(160, 160) dtype=float32_ref>
25600
<tf.Variable 'vs_multi_gpu/encoder_decoder/decoder/copy_0/sublayer_0/multi_head/dense_value/bias:0' shape=(160,) dtype=float32_ref>
160
<tf.Variable 'vs_multi_gpu/encoder_decoder/decoder/copy_0/sublayer_0/multi_head/dense_trans/kernel:0' shape=(160, 160) dtype=float32_ref>
25600
<tf.Variable 'vs_multi_gpu/encoder_decoder/decoder/copy_0/sublayer_0/multi_head/dense_trans/bias:0' shape=(160,) dtype=float32_ref>
160
<tf.Variable 'vs_multi_gpu/encoder_decoder/decoder/copy_0/sublayer_0/sublayer_wrapper/layer_norm_beta:0' shape=(160,) dtype=float32_ref>
160
<tf.Variable 'vs_multi_gpu/encoder_decoder/decoder/copy_0/sublayer_0/sublayer_wrapper/layer_norm_gamma:0' shape=(160,) dtype=float32_ref>
160
<tf.Variable 'vs_multi_gpu/encoder_decoder/decoder/copy_0/sublayer_1/multi_head/dense_query/kernel:0' shape=(160, 160) dtype=float32_ref>
25600
<tf.Variable 'vs_multi_gpu/encoder_decoder/decoder/copy_0/sublayer_1/multi_head/dense_query/bias:0' shape=(160,) dtype=float32_ref>
160
<tf.Variable 'vs_multi_gpu/encoder_decoder/decoder/copy_0/sublayer_1/multi_head/dense_key/kernel:0' shape=(160, 160) dtype=float32_ref>
25600
<tf.Variable 'vs_multi_gpu/encoder_decoder/decoder/copy_0/sublayer_1/multi_head/dense_key/bias:0' shape=(160,) dtype=float32_ref>
160
<tf.Variable 'vs_multi_gpu/encoder_decoder/decoder/copy_0/sublayer_1/multi_head/dense_value/kernel:0' shape=(160, 160) dtype=float32_ref>
25600
<tf.Variable 'vs_multi_gpu/encoder_decoder/decoder/copy_0/sublayer_1/multi_head/dense_value/bias:0' shape=(160,) dtype=float32_ref>
160
<tf.Variable 'vs_multi_gpu/encoder_decoder/decoder/copy_0/sublayer_1/multi_head/dense_trans/kernel:0' shape=(160, 160) dtype=float32_ref>
25600
<tf.Variable 'vs_multi_gpu/encoder_decoder/decoder/copy_0/sublayer_1/multi_head/dense_trans/bias:0' shape=(160,) dtype=float32_ref>
160
<tf.Variable 'vs_multi_gpu/encoder_decoder/decoder/copy_0/sublayer_1/sublayer_wrapper/layer_norm_beta:0' shape=(160,) dtype=float32_ref>
160
<tf.Variable 'vs_multi_gpu/encoder_decoder/decoder/copy_0/sublayer_1/sublayer_wrapper/layer_norm_gamma:0' shape=(160,) dtype=float32_ref>
160
<tf.Variable 'vs_multi_gpu/encoder_decoder/decoder/copy_0/sublayer_2/pwff/ff_d1/kernel:0' shape=(160, 320) dtype=float32_ref>
51200
<tf.Variable 'vs_multi_gpu/encoder_decoder/decoder/copy_0/sublayer_2/pwff/ff_d1/bias:0' shape=(320,) dtype=float32_ref>
320
<tf.Variable 'vs_multi_gpu/encoder_decoder/decoder/copy_0/sublayer_2/pwff/ff_d2/kernel:0' shape=(320, 160) dtype=float32_ref>
51200
<tf.Variable 'vs_multi_gpu/encoder_decoder/decoder/copy_0/sublayer_2/pwff/ff_d2/bias:0' shape=(160,) dtype=float32_ref>
160
<tf.Variable 'vs_multi_gpu/encoder_decoder/decoder/copy_0/sublayer_2/sublayer_wrapper/layer_norm_beta:0' shape=(160,) dtype=float32_ref>
160
<tf.Variable 'vs_multi_gpu/encoder_decoder/decoder/copy_0/sublayer_2/sublayer_wrapper/layer_norm_gamma:0' shape=(160,) dtype=float32_ref>
160
<tf.Variable 'vs_multi_gpu/encoder_decoder/decoder/copy_1/sublayer_0/multi_head/dense_query/kernel:0' shape=(160, 160) dtype=float32_ref>
25600
<tf.Variable 'vs_multi_gpu/encoder_decoder/decoder/copy_1/sublayer_0/multi_head/dense_query/bias:0' shape=(160,) dtype=float32_ref>
160
<tf.Variable 'vs_multi_gpu/encoder_decoder/decoder/copy_1/sublayer_0/multi_head/dense_key/kernel:0' shape=(160, 160) dtype=float32_ref>
25600
<tf.Variable 'vs_multi_gpu/encoder_decoder/decoder/copy_1/sublayer_0/multi_head/dense_key/bias:0' shape=(160,) dtype=float32_ref>
160
<tf.Variable 'vs_multi_gpu/encoder_decoder/decoder/copy_1/sublayer_0/multi_head/dense_value/kernel:0' shape=(160, 160) dtype=float32_ref>
25600
<tf.Variable 'vs_multi_gpu/encoder_decoder/decoder/copy_1/sublayer_0/multi_head/dense_value/bias:0' shape=(160,) dtype=float32_ref>
160
<tf.Variable 'vs_multi_gpu/encoder_decoder/decoder/copy_1/sublayer_0/multi_head/dense_trans/kernel:0' shape=(160, 160) dtype=float32_ref>
25600
<tf.Variable 'vs_multi_gpu/encoder_decoder/decoder/copy_1/sublayer_0/multi_head/dense_trans/bias:0' shape=(160,) dtype=float32_ref>
160
<tf.Variable 'vs_multi_gpu/encoder_decoder/decoder/copy_1/sublayer_0/sublayer_wrapper/layer_norm_beta:0' shape=(160,) dtype=float32_ref>
160
<tf.Variable 'vs_multi_gpu/encoder_decoder/decoder/copy_1/sublayer_0/sublayer_wrapper/layer_norm_gamma:0' shape=(160,) dtype=float32_ref>
160
<tf.Variable 'vs_multi_gpu/encoder_decoder/decoder/copy_1/sublayer_1/multi_head/dense_query/kernel:0' shape=(160, 160) dtype=float32_ref>
25600
<tf.Variable 'vs_multi_gpu/encoder_decoder/decoder/copy_1/sublayer_1/multi_head/dense_query/bias:0' shape=(160,) dtype=float32_ref>
160
<tf.Variable 'vs_multi_gpu/encoder_decoder/decoder/copy_1/sublayer_1/multi_head/dense_key/kernel:0' shape=(160, 160) dtype=float32_ref>
25600
<tf.Variable 'vs_multi_gpu/encoder_decoder/decoder/copy_1/sublayer_1/multi_head/dense_key/bias:0' shape=(160,) dtype=float32_ref>
160
<tf.Variable 'vs_multi_gpu/encoder_decoder/decoder/copy_1/sublayer_1/multi_head/dense_value/kernel:0' shape=(160, 160) dtype=float32_ref>
25600
<tf.Variable 'vs_multi_gpu/encoder_decoder/decoder/copy_1/sublayer_1/multi_head/dense_value/bias:0' shape=(160,) dtype=float32_ref>
160
<tf.Variable 'vs_multi_gpu/encoder_decoder/decoder/copy_1/sublayer_1/multi_head/dense_trans/kernel:0' shape=(160, 160) dtype=float32_ref>
25600
<tf.Variable 'vs_multi_gpu/encoder_decoder/decoder/copy_1/sublayer_1/multi_head/dense_trans/bias:0' shape=(160,) dtype=float32_ref>
160
<tf.Variable 'vs_multi_gpu/encoder_decoder/decoder/copy_1/sublayer_1/sublayer_wrapper/layer_norm_beta:0' shape=(160,) dtype=float32_ref>
160
<tf.Variable 'vs_multi_gpu/encoder_decoder/decoder/copy_1/sublayer_1/sublayer_wrapper/layer_norm_gamma:0' shape=(160,) dtype=float32_ref>
160
<tf.Variable 'vs_multi_gpu/encoder_decoder/decoder/copy_1/sublayer_2/pwff/ff_d1/kernel:0' shape=(160, 320) dtype=float32_ref>
51200
<tf.Variable 'vs_multi_gpu/encoder_decoder/decoder/copy_1/sublayer_2/pwff/ff_d1/bias:0' shape=(320,) dtype=float32_ref>
320
<tf.Variable 'vs_multi_gpu/encoder_decoder/decoder/copy_1/sublayer_2/pwff/ff_d2/kernel:0' shape=(320, 160) dtype=float32_ref>
51200
<tf.Variable 'vs_multi_gpu/encoder_decoder/decoder/copy_1/sublayer_2/pwff/ff_d2/bias:0' shape=(160,) dtype=float32_ref>
160
<tf.Variable 'vs_multi_gpu/encoder_decoder/decoder/copy_1/sublayer_2/sublayer_wrapper/layer_norm_beta:0' shape=(160,) dtype=float32_ref>
160
<tf.Variable 'vs_multi_gpu/encoder_decoder/decoder/copy_1/sublayer_2/sublayer_wrapper/layer_norm_gamma:0' shape=(160,) dtype=float32_ref>
160
<tf.Variable 'vs_multi_gpu/encoder_decoder/decoder/copy_2/sublayer_0/multi_head/dense_query/kernel:0' shape=(160, 160) dtype=float32_ref>
25600
<tf.Variable 'vs_multi_gpu/encoder_decoder/decoder/copy_2/sublayer_0/multi_head/dense_query/bias:0' shape=(160,) dtype=float32_ref>
160
<tf.Variable 'vs_multi_gpu/encoder_decoder/decoder/copy_2/sublayer_0/multi_head/dense_key/kernel:0' shape=(160, 160) dtype=float32_ref>
25600
<tf.Variable 'vs_multi_gpu/encoder_decoder/decoder/copy_2/sublayer_0/multi_head/dense_key/bias:0' shape=(160,) dtype=float32_ref>
160
<tf.Variable 'vs_multi_gpu/encoder_decoder/decoder/copy_2/sublayer_0/multi_head/dense_value/kernel:0' shape=(160, 160) dtype=float32_ref>
25600
<tf.Variable 'vs_multi_gpu/encoder_decoder/decoder/copy_2/sublayer_0/multi_head/dense_value/bias:0' shape=(160,) dtype=float32_ref>
160
<tf.Variable 'vs_multi_gpu/encoder_decoder/decoder/copy_2/sublayer_0/multi_head/dense_trans/kernel:0' shape=(160, 160) dtype=float32_ref>
25600
<tf.Variable 'vs_multi_gpu/encoder_decoder/decoder/copy_2/sublayer_0/multi_head/dense_trans/bias:0' shape=(160,) dtype=float32_ref>
160
<tf.Variable 'vs_multi_gpu/encoder_decoder/decoder/copy_2/sublayer_0/sublayer_wrapper/layer_norm_beta:0' shape=(160,) dtype=float32_ref>
160
<tf.Variable 'vs_multi_gpu/encoder_decoder/decoder/copy_2/sublayer_0/sublayer_wrapper/layer_norm_gamma:0' shape=(160,) dtype=float32_ref>
160
<tf.Variable 'vs_multi_gpu/encoder_decoder/decoder/copy_2/sublayer_1/multi_head/dense_query/kernel:0' shape=(160, 160) dtype=float32_ref>
25600
<tf.Variable 'vs_multi_gpu/encoder_decoder/decoder/copy_2/sublayer_1/multi_head/dense_query/bias:0' shape=(160,) dtype=float32_ref>
160
<tf.Variable 'vs_multi_gpu/encoder_decoder/decoder/copy_2/sublayer_1/multi_head/dense_key/kernel:0' shape=(160, 160) dtype=float32_ref>
25600
<tf.Variable 'vs_multi_gpu/encoder_decoder/decoder/copy_2/sublayer_1/multi_head/dense_key/bias:0' shape=(160,) dtype=float32_ref>
160
<tf.Variable 'vs_multi_gpu/encoder_decoder/decoder/copy_2/sublayer_1/multi_head/dense_value/kernel:0' shape=(160, 160) dtype=float32_ref>
25600
<tf.Variable 'vs_multi_gpu/encoder_decoder/decoder/copy_2/sublayer_1/multi_head/dense_value/bias:0' shape=(160,) dtype=float32_ref>
160
<tf.Variable 'vs_multi_gpu/encoder_decoder/decoder/copy_2/sublayer_1/multi_head/dense_trans/kernel:0' shape=(160, 160) dtype=float32_ref>
25600
<tf.Variable 'vs_multi_gpu/encoder_decoder/decoder/copy_2/sublayer_1/multi_head/dense_trans/bias:0' shape=(160,) dtype=float32_ref>
160
<tf.Variable 'vs_multi_gpu/encoder_decoder/decoder/copy_2/sublayer_1/sublayer_wrapper/layer_norm_beta:0' shape=(160,) dtype=float32_ref>
160
<tf.Variable 'vs_multi_gpu/encoder_decoder/decoder/copy_2/sublayer_1/sublayer_wrapper/layer_norm_gamma:0' shape=(160,) dtype=float32_ref>
160
<tf.Variable 'vs_multi_gpu/encoder_decoder/decoder/copy_2/sublayer_2/pwff/ff_d1/kernel:0' shape=(160, 320) dtype=float32_ref>
51200
<tf.Variable 'vs_multi_gpu/encoder_decoder/decoder/copy_2/sublayer_2/pwff/ff_d1/bias:0' shape=(320,) dtype=float32_ref>
320
<tf.Variable 'vs_multi_gpu/encoder_decoder/decoder/copy_2/sublayer_2/pwff/ff_d2/kernel:0' shape=(320, 160) dtype=float32_ref>
51200
<tf.Variable 'vs_multi_gpu/encoder_decoder/decoder/copy_2/sublayer_2/pwff/ff_d2/bias:0' shape=(160,) dtype=float32_ref>
160
<tf.Variable 'vs_multi_gpu/encoder_decoder/decoder/copy_2/sublayer_2/sublayer_wrapper/layer_norm_beta:0' shape=(160,) dtype=float32_ref>
160
<tf.Variable 'vs_multi_gpu/encoder_decoder/decoder/copy_2/sublayer_2/sublayer_wrapper/layer_norm_gamma:0' shape=(160,) dtype=float32_ref>
160
<tf.Variable 'vs_multi_gpu/encoder_decoder/decoder/copy_3/sublayer_0/multi_head/dense_query/kernel:0' shape=(160, 160) dtype=float32_ref>
25600
<tf.Variable 'vs_multi_gpu/encoder_decoder/decoder/copy_3/sublayer_0/multi_head/dense_query/bias:0' shape=(160,) dtype=float32_ref>
160
<tf.Variable 'vs_multi_gpu/encoder_decoder/decoder/copy_3/sublayer_0/multi_head/dense_key/kernel:0' shape=(160, 160) dtype=float32_ref>
25600
<tf.Variable 'vs_multi_gpu/encoder_decoder/decoder/copy_3/sublayer_0/multi_head/dense_key/bias:0' shape=(160,) dtype=float32_ref>
160
<tf.Variable 'vs_multi_gpu/encoder_decoder/decoder/copy_3/sublayer_0/multi_head/dense_value/kernel:0' shape=(160, 160) dtype=float32_ref>
25600
<tf.Variable 'vs_multi_gpu/encoder_decoder/decoder/copy_3/sublayer_0/multi_head/dense_value/bias:0' shape=(160,) dtype=float32_ref>
160
<tf.Variable 'vs_multi_gpu/encoder_decoder/decoder/copy_3/sublayer_0/multi_head/dense_trans/kernel:0' shape=(160, 160) dtype=float32_ref>
25600
<tf.Variable 'vs_multi_gpu/encoder_decoder/decoder/copy_3/sublayer_0/multi_head/dense_trans/bias:0' shape=(160,) dtype=float32_ref>
160
<tf.Variable 'vs_multi_gpu/encoder_decoder/decoder/copy_3/sublayer_0/sublayer_wrapper/layer_norm_beta:0' shape=(160,) dtype=float32_ref>
160
<tf.Variable 'vs_multi_gpu/encoder_decoder/decoder/copy_3/sublayer_0/sublayer_wrapper/layer_norm_gamma:0' shape=(160,) dtype=float32_ref>
160
<tf.Variable 'vs_multi_gpu/encoder_decoder/decoder/copy_3/sublayer_1/multi_head/dense_query/kernel:0' shape=(160, 160) dtype=float32_ref>
25600
<tf.Variable 'vs_multi_gpu/encoder_decoder/decoder/copy_3/sublayer_1/multi_head/dense_query/bias:0' shape=(160,) dtype=float32_ref>
160
<tf.Variable 'vs_multi_gpu/encoder_decoder/decoder/copy_3/sublayer_1/multi_head/dense_key/kernel:0' shape=(160, 160) dtype=float32_ref>
25600
<tf.Variable 'vs_multi_gpu/encoder_decoder/decoder/copy_3/sublayer_1/multi_head/dense_key/bias:0' shape=(160,) dtype=float32_ref>
160
<tf.Variable 'vs_multi_gpu/encoder_decoder/decoder/copy_3/sublayer_1/multi_head/dense_value/kernel:0' shape=(160, 160) dtype=float32_ref>
25600
<tf.Variable 'vs_multi_gpu/encoder_decoder/decoder/copy_3/sublayer_1/multi_head/dense_value/bias:0' shape=(160,) dtype=float32_ref>
160
<tf.Variable 'vs_multi_gpu/encoder_decoder/decoder/copy_3/sublayer_1/multi_head/dense_trans/kernel:0' shape=(160, 160) dtype=float32_ref>
25600
<tf.Variable 'vs_multi_gpu/encoder_decoder/decoder/copy_3/sublayer_1/multi_head/dense_trans/bias:0' shape=(160,) dtype=float32_ref>
160
<tf.Variable 'vs_multi_gpu/encoder_decoder/decoder/copy_3/sublayer_1/sublayer_wrapper/layer_norm_beta:0' shape=(160,) dtype=float32_ref>
160
<tf.Variable 'vs_multi_gpu/encoder_decoder/decoder/copy_3/sublayer_1/sublayer_wrapper/layer_norm_gamma:0' shape=(160,) dtype=float32_ref>
160
<tf.Variable 'vs_multi_gpu/encoder_decoder/decoder/copy_3/sublayer_2/pwff/ff_d1/kernel:0' shape=(160, 320) dtype=float32_ref>
51200
<tf.Variable 'vs_multi_gpu/encoder_decoder/decoder/copy_3/sublayer_2/pwff/ff_d1/bias:0' shape=(320,) dtype=float32_ref>
320
<tf.Variable 'vs_multi_gpu/encoder_decoder/decoder/copy_3/sublayer_2/pwff/ff_d2/kernel:0' shape=(320, 160) dtype=float32_ref>
51200
<tf.Variable 'vs_multi_gpu/encoder_decoder/decoder/copy_3/sublayer_2/pwff/ff_d2/bias:0' shape=(160,) dtype=float32_ref>
160
<tf.Variable 'vs_multi_gpu/encoder_decoder/decoder/copy_3/sublayer_2/sublayer_wrapper/layer_norm_beta:0' shape=(160,) dtype=float32_ref>
160
<tf.Variable 'vs_multi_gpu/encoder_decoder/decoder/copy_3/sublayer_2/sublayer_wrapper/layer_norm_gamma:0' shape=(160,) dtype=float32_ref>
160
<tf.Variable 'vs_multi_gpu/encoder_decoder/decoder/copy_4/sublayer_0/multi_head/dense_query/kernel:0' shape=(160, 160) dtype=float32_ref>
25600
<tf.Variable 'vs_multi_gpu/encoder_decoder/decoder/copy_4/sublayer_0/multi_head/dense_query/bias:0' shape=(160,) dtype=float32_ref>
160
<tf.Variable 'vs_multi_gpu/encoder_decoder/decoder/copy_4/sublayer_0/multi_head/dense_key/kernel:0' shape=(160, 160) dtype=float32_ref>
25600
<tf.Variable 'vs_multi_gpu/encoder_decoder/decoder/copy_4/sublayer_0/multi_head/dense_key/bias:0' shape=(160,) dtype=float32_ref>
160
<tf.Variable 'vs_multi_gpu/encoder_decoder/decoder/copy_4/sublayer_0/multi_head/dense_value/kernel:0' shape=(160, 160) dtype=float32_ref>
25600
<tf.Variable 'vs_multi_gpu/encoder_decoder/decoder/copy_4/sublayer_0/multi_head/dense_value/bias:0' shape=(160,) dtype=float32_ref>
160
<tf.Variable 'vs_multi_gpu/encoder_decoder/decoder/copy_4/sublayer_0/multi_head/dense_trans/kernel:0' shape=(160, 160) dtype=float32_ref>
25600
<tf.Variable 'vs_multi_gpu/encoder_decoder/decoder/copy_4/sublayer_0/multi_head/dense_trans/bias:0' shape=(160,) dtype=float32_ref>
160
<tf.Variable 'vs_multi_gpu/encoder_decoder/decoder/copy_4/sublayer_0/sublayer_wrapper/layer_norm_beta:0' shape=(160,) dtype=float32_ref>
160
<tf.Variable 'vs_multi_gpu/encoder_decoder/decoder/copy_4/sublayer_0/sublayer_wrapper/layer_norm_gamma:0' shape=(160,) dtype=float32_ref>
160
<tf.Variable 'vs_multi_gpu/encoder_decoder/decoder/copy_4/sublayer_1/multi_head/dense_query/kernel:0' shape=(160, 160) dtype=float32_ref>
25600
<tf.Variable 'vs_multi_gpu/encoder_decoder/decoder/copy_4/sublayer_1/multi_head/dense_query/bias:0' shape=(160,) dtype=float32_ref>
160
<tf.Variable 'vs_multi_gpu/encoder_decoder/decoder/copy_4/sublayer_1/multi_head/dense_key/kernel:0' shape=(160, 160) dtype=float32_ref>
25600
<tf.Variable 'vs_multi_gpu/encoder_decoder/decoder/copy_4/sublayer_1/multi_head/dense_key/bias:0' shape=(160,) dtype=float32_ref>
160
<tf.Variable 'vs_multi_gpu/encoder_decoder/decoder/copy_4/sublayer_1/multi_head/dense_value/kernel:0' shape=(160, 160) dtype=float32_ref>
25600
<tf.Variable 'vs_multi_gpu/encoder_decoder/decoder/copy_4/sublayer_1/multi_head/dense_value/bias:0' shape=(160,) dtype=float32_ref>
160
<tf.Variable 'vs_multi_gpu/encoder_decoder/decoder/copy_4/sublayer_1/multi_head/dense_trans/kernel:0' shape=(160, 160) dtype=float32_ref>
25600
<tf.Variable 'vs_multi_gpu/encoder_decoder/decoder/copy_4/sublayer_1/multi_head/dense_trans/bias:0' shape=(160,) dtype=float32_ref>
160
<tf.Variable 'vs_multi_gpu/encoder_decoder/decoder/copy_4/sublayer_1/sublayer_wrapper/layer_norm_beta:0' shape=(160,) dtype=float32_ref>
160
<tf.Variable 'vs_multi_gpu/encoder_decoder/decoder/copy_4/sublayer_1/sublayer_wrapper/layer_norm_gamma:0' shape=(160,) dtype=float32_ref>
160
<tf.Variable 'vs_multi_gpu/encoder_decoder/decoder/copy_4/sublayer_2/pwff/ff_d1/kernel:0' shape=(160, 320) dtype=float32_ref>
51200
<tf.Variable 'vs_multi_gpu/encoder_decoder/decoder/copy_4/sublayer_2/pwff/ff_d1/bias:0' shape=(320,) dtype=float32_ref>
320
<tf.Variable 'vs_multi_gpu/encoder_decoder/decoder/copy_4/sublayer_2/pwff/ff_d2/kernel:0' shape=(320, 160) dtype=float32_ref>
51200
<tf.Variable 'vs_multi_gpu/encoder_decoder/decoder/copy_4/sublayer_2/pwff/ff_d2/bias:0' shape=(160,) dtype=float32_ref>
160
<tf.Variable 'vs_multi_gpu/encoder_decoder/decoder/copy_4/sublayer_2/sublayer_wrapper/layer_norm_beta:0' shape=(160,) dtype=float32_ref>
160
<tf.Variable 'vs_multi_gpu/encoder_decoder/decoder/copy_4/sublayer_2/sublayer_wrapper/layer_norm_gamma:0' shape=(160,) dtype=float32_ref>
160
<tf.Variable 'vs_multi_gpu/encoder_decoder/decoder/copy_5/sublayer_0/multi_head/dense_query/kernel:0' shape=(160, 160) dtype=float32_ref>
25600
<tf.Variable 'vs_multi_gpu/encoder_decoder/decoder/copy_5/sublayer_0/multi_head/dense_query/bias:0' shape=(160,) dtype=float32_ref>
160
<tf.Variable 'vs_multi_gpu/encoder_decoder/decoder/copy_5/sublayer_0/multi_head/dense_key/kernel:0' shape=(160, 160) dtype=float32_ref>
25600
<tf.Variable 'vs_multi_gpu/encoder_decoder/decoder/copy_5/sublayer_0/multi_head/dense_key/bias:0' shape=(160,) dtype=float32_ref>
160
<tf.Variable 'vs_multi_gpu/encoder_decoder/decoder/copy_5/sublayer_0/multi_head/dense_value/kernel:0' shape=(160, 160) dtype=float32_ref>
25600
<tf.Variable 'vs_multi_gpu/encoder_decoder/decoder/copy_5/sublayer_0/multi_head/dense_value/bias:0' shape=(160,) dtype=float32_ref>
160
<tf.Variable 'vs_multi_gpu/encoder_decoder/decoder/copy_5/sublayer_0/multi_head/dense_trans/kernel:0' shape=(160, 160) dtype=float32_ref>
25600
<tf.Variable 'vs_multi_gpu/encoder_decoder/decoder/copy_5/sublayer_0/multi_head/dense_trans/bias:0' shape=(160,) dtype=float32_ref>
160
<tf.Variable 'vs_multi_gpu/encoder_decoder/decoder/copy_5/sublayer_0/sublayer_wrapper/layer_norm_beta:0' shape=(160,) dtype=float32_ref>
160
<tf.Variable 'vs_multi_gpu/encoder_decoder/decoder/copy_5/sublayer_0/sublayer_wrapper/layer_norm_gamma:0' shape=(160,) dtype=float32_ref>
160
<tf.Variable 'vs_multi_gpu/encoder_decoder/decoder/copy_5/sublayer_1/multi_head/dense_query/kernel:0' shape=(160, 160) dtype=float32_ref>
25600
<tf.Variable 'vs_multi_gpu/encoder_decoder/decoder/copy_5/sublayer_1/multi_head/dense_query/bias:0' shape=(160,) dtype=float32_ref>
160
<tf.Variable 'vs_multi_gpu/encoder_decoder/decoder/copy_5/sublayer_1/multi_head/dense_key/kernel:0' shape=(160, 160) dtype=float32_ref>
25600
<tf.Variable 'vs_multi_gpu/encoder_decoder/decoder/copy_5/sublayer_1/multi_head/dense_key/bias:0' shape=(160,) dtype=float32_ref>
160
<tf.Variable 'vs_multi_gpu/encoder_decoder/decoder/copy_5/sublayer_1/multi_head/dense_value/kernel:0' shape=(160, 160) dtype=float32_ref>
25600
<tf.Variable 'vs_multi_gpu/encoder_decoder/decoder/copy_5/sublayer_1/multi_head/dense_value/bias:0' shape=(160,) dtype=float32_ref>
160
<tf.Variable 'vs_multi_gpu/encoder_decoder/decoder/copy_5/sublayer_1/multi_head/dense_trans/kernel:0' shape=(160, 160) dtype=float32_ref>
25600
<tf.Variable 'vs_multi_gpu/encoder_decoder/decoder/copy_5/sublayer_1/multi_head/dense_trans/bias:0' shape=(160,) dtype=float32_ref>
160
<tf.Variable 'vs_multi_gpu/encoder_decoder/decoder/copy_5/sublayer_1/sublayer_wrapper/layer_norm_beta:0' shape=(160,) dtype=float32_ref>
160
<tf.Variable 'vs_multi_gpu/encoder_decoder/decoder/copy_5/sublayer_1/sublayer_wrapper/layer_norm_gamma:0' shape=(160,) dtype=float32_ref>
160
<tf.Variable 'vs_multi_gpu/encoder_decoder/decoder/copy_5/sublayer_2/pwff/ff_d1/kernel:0' shape=(160, 320) dtype=float32_ref>
51200
<tf.Variable 'vs_multi_gpu/encoder_decoder/decoder/copy_5/sublayer_2/pwff/ff_d1/bias:0' shape=(320,) dtype=float32_ref>
320
<tf.Variable 'vs_multi_gpu/encoder_decoder/decoder/copy_5/sublayer_2/pwff/ff_d2/kernel:0' shape=(320, 160) dtype=float32_ref>
51200
<tf.Variable 'vs_multi_gpu/encoder_decoder/decoder/copy_5/sublayer_2/pwff/ff_d2/bias:0' shape=(160,) dtype=float32_ref>
160
<tf.Variable 'vs_multi_gpu/encoder_decoder/decoder/copy_5/sublayer_2/sublayer_wrapper/layer_norm_beta:0' shape=(160,) dtype=float32_ref>
160
<tf.Variable 'vs_multi_gpu/encoder_decoder/decoder/copy_5/sublayer_2/sublayer_wrapper/layer_norm_gamma:0' shape=(160,) dtype=float32_ref>
160
<tf.Variable 'vs_multi_gpu/encoder_decoder/decoder/copy_6/sublayer_0/multi_head/dense_query/kernel:0' shape=(160, 160) dtype=float32_ref>
25600
<tf.Variable 'vs_multi_gpu/encoder_decoder/decoder/copy_6/sublayer_0/multi_head/dense_query/bias:0' shape=(160,) dtype=float32_ref>
160
<tf.Variable 'vs_multi_gpu/encoder_decoder/decoder/copy_6/sublayer_0/multi_head/dense_key/kernel:0' shape=(160, 160) dtype=float32_ref>
25600
<tf.Variable 'vs_multi_gpu/encoder_decoder/decoder/copy_6/sublayer_0/multi_head/dense_key/bias:0' shape=(160,) dtype=float32_ref>
160
<tf.Variable 'vs_multi_gpu/encoder_decoder/decoder/copy_6/sublayer_0/multi_head/dense_value/kernel:0' shape=(160, 160) dtype=float32_ref>
25600
<tf.Variable 'vs_multi_gpu/encoder_decoder/decoder/copy_6/sublayer_0/multi_head/dense_value/bias:0' shape=(160,) dtype=float32_ref>
160
<tf.Variable 'vs_multi_gpu/encoder_decoder/decoder/copy_6/sublayer_0/multi_head/dense_trans/kernel:0' shape=(160, 160) dtype=float32_ref>
25600
<tf.Variable 'vs_multi_gpu/encoder_decoder/decoder/copy_6/sublayer_0/multi_head/dense_trans/bias:0' shape=(160,) dtype=float32_ref>
160
<tf.Variable 'vs_multi_gpu/encoder_decoder/decoder/copy_6/sublayer_0/sublayer_wrapper/layer_norm_beta:0' shape=(160,) dtype=float32_ref>
160
<tf.Variable 'vs_multi_gpu/encoder_decoder/decoder/copy_6/sublayer_0/sublayer_wrapper/layer_norm_gamma:0' shape=(160,) dtype=float32_ref>
160
<tf.Variable 'vs_multi_gpu/encoder_decoder/decoder/copy_6/sublayer_1/multi_head/dense_query/kernel:0' shape=(160, 160) dtype=float32_ref>
25600
<tf.Variable 'vs_multi_gpu/encoder_decoder/decoder/copy_6/sublayer_1/multi_head/dense_query/bias:0' shape=(160,) dtype=float32_ref>
160
<tf.Variable 'vs_multi_gpu/encoder_decoder/decoder/copy_6/sublayer_1/multi_head/dense_key/kernel:0' shape=(160, 160) dtype=float32_ref>
25600
<tf.Variable 'vs_multi_gpu/encoder_decoder/decoder/copy_6/sublayer_1/multi_head/dense_key/bias:0' shape=(160,) dtype=float32_ref>
160
<tf.Variable 'vs_multi_gpu/encoder_decoder/decoder/copy_6/sublayer_1/multi_head/dense_value/kernel:0' shape=(160, 160) dtype=float32_ref>
25600
<tf.Variable 'vs_multi_gpu/encoder_decoder/decoder/copy_6/sublayer_1/multi_head/dense_value/bias:0' shape=(160,) dtype=float32_ref>
160
<tf.Variable 'vs_multi_gpu/encoder_decoder/decoder/copy_6/sublayer_1/multi_head/dense_trans/kernel:0' shape=(160, 160) dtype=float32_ref>
25600
<tf.Variable 'vs_multi_gpu/encoder_decoder/decoder/copy_6/sublayer_1/multi_head/dense_trans/bias:0' shape=(160,) dtype=float32_ref>
160
<tf.Variable 'vs_multi_gpu/encoder_decoder/decoder/copy_6/sublayer_1/sublayer_wrapper/layer_norm_beta:0' shape=(160,) dtype=float32_ref>
160
<tf.Variable 'vs_multi_gpu/encoder_decoder/decoder/copy_6/sublayer_1/sublayer_wrapper/layer_norm_gamma:0' shape=(160,) dtype=float32_ref>
160
<tf.Variable 'vs_multi_gpu/encoder_decoder/decoder/copy_6/sublayer_2/pwff/ff_d1/kernel:0' shape=(160, 320) dtype=float32_ref>
51200
<tf.Variable 'vs_multi_gpu/encoder_decoder/decoder/copy_6/sublayer_2/pwff/ff_d1/bias:0' shape=(320,) dtype=float32_ref>
320
<tf.Variable 'vs_multi_gpu/encoder_decoder/decoder/copy_6/sublayer_2/pwff/ff_d2/kernel:0' shape=(320, 160) dtype=float32_ref>
51200
<tf.Variable 'vs_multi_gpu/encoder_decoder/decoder/copy_6/sublayer_2/pwff/ff_d2/bias:0' shape=(160,) dtype=float32_ref>
160
<tf.Variable 'vs_multi_gpu/encoder_decoder/decoder/copy_6/sublayer_2/sublayer_wrapper/layer_norm_beta:0' shape=(160,) dtype=float32_ref>
160
<tf.Variable 'vs_multi_gpu/encoder_decoder/decoder/copy_6/sublayer_2/sublayer_wrapper/layer_norm_gamma:0' shape=(160,) dtype=float32_ref>
160
<tf.Variable 'vs_multi_gpu/encoder_decoder/decoder/copy_7/sublayer_0/multi_head/dense_query/kernel:0' shape=(160, 160) dtype=float32_ref>
25600
<tf.Variable 'vs_multi_gpu/encoder_decoder/decoder/copy_7/sublayer_0/multi_head/dense_query/bias:0' shape=(160,) dtype=float32_ref>
160
<tf.Variable 'vs_multi_gpu/encoder_decoder/decoder/copy_7/sublayer_0/multi_head/dense_key/kernel:0' shape=(160, 160) dtype=float32_ref>
25600
<tf.Variable 'vs_multi_gpu/encoder_decoder/decoder/copy_7/sublayer_0/multi_head/dense_key/bias:0' shape=(160,) dtype=float32_ref>
160
<tf.Variable 'vs_multi_gpu/encoder_decoder/decoder/copy_7/sublayer_0/multi_head/dense_value/kernel:0' shape=(160, 160) dtype=float32_ref>
25600
<tf.Variable 'vs_multi_gpu/encoder_decoder/decoder/copy_7/sublayer_0/multi_head/dense_value/bias:0' shape=(160,) dtype=float32_ref>
160
<tf.Variable 'vs_multi_gpu/encoder_decoder/decoder/copy_7/sublayer_0/multi_head/dense_trans/kernel:0' shape=(160, 160) dtype=float32_ref>
25600
<tf.Variable 'vs_multi_gpu/encoder_decoder/decoder/copy_7/sublayer_0/multi_head/dense_trans/bias:0' shape=(160,) dtype=float32_ref>
160
<tf.Variable 'vs_multi_gpu/encoder_decoder/decoder/copy_7/sublayer_0/sublayer_wrapper/layer_norm_beta:0' shape=(160,) dtype=float32_ref>
160
<tf.Variable 'vs_multi_gpu/encoder_decoder/decoder/copy_7/sublayer_0/sublayer_wrapper/layer_norm_gamma:0' shape=(160,) dtype=float32_ref>
160
<tf.Variable 'vs_multi_gpu/encoder_decoder/decoder/copy_7/sublayer_1/multi_head/dense_query/kernel:0' shape=(160, 160) dtype=float32_ref>
25600
<tf.Variable 'vs_multi_gpu/encoder_decoder/decoder/copy_7/sublayer_1/multi_head/dense_query/bias:0' shape=(160,) dtype=float32_ref>
160
<tf.Variable 'vs_multi_gpu/encoder_decoder/decoder/copy_7/sublayer_1/multi_head/dense_key/kernel:0' shape=(160, 160) dtype=float32_ref>
25600
<tf.Variable 'vs_multi_gpu/encoder_decoder/decoder/copy_7/sublayer_1/multi_head/dense_key/bias:0' shape=(160,) dtype=float32_ref>
160
<tf.Variable 'vs_multi_gpu/encoder_decoder/decoder/copy_7/sublayer_1/multi_head/dense_value/kernel:0' shape=(160, 160) dtype=float32_ref>
25600
<tf.Variable 'vs_multi_gpu/encoder_decoder/decoder/copy_7/sublayer_1/multi_head/dense_value/bias:0' shape=(160,) dtype=float32_ref>
160
<tf.Variable 'vs_multi_gpu/encoder_decoder/decoder/copy_7/sublayer_1/multi_head/dense_trans/kernel:0' shape=(160, 160) dtype=float32_ref>
25600
<tf.Variable 'vs_multi_gpu/encoder_decoder/decoder/copy_7/sublayer_1/multi_head/dense_trans/bias:0' shape=(160,) dtype=float32_ref>
160
<tf.Variable 'vs_multi_gpu/encoder_decoder/decoder/copy_7/sublayer_1/sublayer_wrapper/layer_norm_beta:0' shape=(160,) dtype=float32_ref>
160
<tf.Variable 'vs_multi_gpu/encoder_decoder/decoder/copy_7/sublayer_1/sublayer_wrapper/layer_norm_gamma:0' shape=(160,) dtype=float32_ref>
160
<tf.Variable 'vs_multi_gpu/encoder_decoder/decoder/copy_7/sublayer_2/pwff/ff_d1/kernel:0' shape=(160, 320) dtype=float32_ref>
51200
<tf.Variable 'vs_multi_gpu/encoder_decoder/decoder/copy_7/sublayer_2/pwff/ff_d1/bias:0' shape=(320,) dtype=float32_ref>
320
<tf.Variable 'vs_multi_gpu/encoder_decoder/decoder/copy_7/sublayer_2/pwff/ff_d2/kernel:0' shape=(320, 160) dtype=float32_ref>
51200
<tf.Variable 'vs_multi_gpu/encoder_decoder/decoder/copy_7/sublayer_2/pwff/ff_d2/bias:0' shape=(160,) dtype=float32_ref>
160
<tf.Variable 'vs_multi_gpu/encoder_decoder/decoder/copy_7/sublayer_2/sublayer_wrapper/layer_norm_beta:0' shape=(160,) dtype=float32_ref>
160
<tf.Variable 'vs_multi_gpu/encoder_decoder/decoder/copy_7/sublayer_2/sublayer_wrapper/layer_norm_gamma:0' shape=(160,) dtype=float32_ref>
160
<tf.Variable 'vs_multi_gpu/encoder_decoder/decoder/layer_norm_beta:0' shape=(160,) dtype=float32_ref>
160
<tf.Variable 'vs_multi_gpu/encoder_decoder/decoder/layer_norm_gamma:0' shape=(160,) dtype=float32_ref>
160
<tf.Variable 'vs_multi_gpu/encoder_decoder/proj/bias:0' shape=(17,) dtype=float32_ref>
17

ckpt loaded from task_copy_result/model_transformer_best
Converted 344 variables to const ops.
